#
# A fatal error has been detected by the Java Runtime Environment:
#
#  Internal Error (./open/src/hotspot/share/opto/output.cpp:1705), pid=14888, tid=18212
#  guarantee((int)(blk_starts[i+1] - blk_starts[i]) >= (current_offset - blk_offset)) failed: shouldn't increase block size
#
# JRE version: OpenJDK Runtime Environment (15.0.1+9) (build 15.0.1+9-18)
# Java VM: OpenJDK 64-Bit Server VM (15.0.1+9-18, mixed mode, sharing, tiered, compressed oops, g1 gc, windows-amd64)
# No core dump will be written. Minidumps are not enabled by default on client versions of Windows
#
# If you would like to submit a bug report, please visit:
#   https://bugreport.java.com/bugreport/crash.jsp
#

---------------  S U M M A R Y ------------

Command Line: --add-opens=java.base/java.util=ALL-UNNAMED --add-opens=java.base/java.lang=ALL-UNNAMED --add-opens=java.base/java.lang.invoke=ALL-UNNAMED --add-opens=java.prefs/java.util.prefs=ALL-UNNAMED -XX:MaxMetaspaceSize=256m -XX:+HeapDumpOnOutOfMemoryError -Xms256m -Xmx512m -Dfile.encoding=windows-1252 -Duser.country=US -Duser.language=en -Duser.variant org.gradle.launcher.daemon.bootstrap.GradleDaemon 6.3

Host: Intel(R) Core(TM) i5-7200U CPU @ 2.50GHz, 4 cores, 7G,  Windows 10 , 64 bit Build 19041 (10.0.19041.662)
Time: Tue Feb  9 07:51:33 2021 Egypt Standard Time elapsed time: 7375.616882 seconds (0d 2h 2m 55s)

---------------  T H R E A D  ---------------

Current thread (0x0000022fff58e230):  JavaThread "C2 CompilerThread1" daemon [_thread_in_native, id=18212, stack(0x0000004dc4200000,0x0000004dc4300000)]


Current CompileTask:
C2:7375627 35323       4       com.android.tools.r8.ir.conversion.N::b (4236 bytes)

Stack: [0x0000004dc4200000,0x0000004dc4300000]
Native frames: (J=compiled Java code, j=interpreted, Vv=VM code, C=native code)
V  [jvm.dll+0x62ae9a]
V  [jvm.dll+0x781389]
V  [jvm.dll+0x782ae3]
V  [jvm.dll+0x7830f7]
V  [jvm.dll+0x2161cc]
V  [jvm.dll+0x632407]
V  [jvm.dll+0x63039f]
V  [jvm.dll+0x1eaa95]
V  [jvm.dll+0x1e98ae]
V  [jvm.dll+0x1784c7]
V  [jvm.dll+0x1f9165]
V  [jvm.dll+0x1f720c]
V  [jvm.dll+0x74485d]
V  [jvm.dll+0x73d65a]
V  [jvm.dll+0x629c56]
C  [ucrtbase.dll+0x214c2]
C  [KERNEL32.DLL+0x17034]
C  [ntdll.dll+0x4d0d1]


---------------  P R O C E S S  ---------------

Threads class SMR info:
_java_thread_list=0x0000022f8fb665d0, length=62, elements={
0x0000022fe902d7a0, 0x0000022ff693b840, 0x0000022ff693e4f0, 0x0000022ff695b9e0,
0x0000022ff695e4a0, 0x0000022ff695ef50, 0x0000022ff6961ac0, 0x0000022ff6965650,
0x0000022ff698f040, 0x0000022ff73a5860, 0x0000022ff73a6ad0, 0x0000022ff69aa240,
0x0000022ff7559550, 0x0000022ff876a960, 0x0000022ff876c640, 0x0000022ff8769af0,
0x0000022ff8769fc0, 0x0000022ff9e4b680, 0x0000022ffd164a10, 0x0000022ffd162d30,
0x0000022ffcf59b10, 0x0000022ffcf5a980, 0x0000022ffd1653b0, 0x0000022ffd165d50,
0x0000022ff9e4ace0, 0x0000022ff9e45640, 0x0000022ff9e45b10, 0x0000022ff9e48b30,
0x0000022ff9e464b0, 0x0000022ff9e46980, 0x0000022ffcf58300, 0x0000022ffcf59640,
0x0000022ffcf59fe0, 0x0000022ffcf5fb50, 0x0000022ffcf5c660, 0x0000022ffcf5cb30,
0x0000022ffcf5e810, 0x0000022ffcf5de70, 0x0000022ffcf5d4d0, 0x0000022ffcf5e340,
0x0000022ffcf5ece0, 0x0000022ff876bca0, 0x0000022ff876cfe0, 0x0000022ff876d4b0,
0x0000022ffd165880, 0x0000022ffd166220, 0x0000022ffd7d1640, 0x0000022ffd7d7b50,
0x0000022ffd7d1fe0, 0x0000022ffd7d71b0, 0x0000022ffd7d59a0, 0x0000022f92aaea30,
0x0000022f92aad220, 0x0000022f92aac880, 0x0000022f92aaf3d0, 0x0000022f92aad6f0,
0x0000022f92ab0240, 0x0000022f92ab23f0, 0x0000022f92aadbc0, 0x0000022f92ab1f20,
0x0000022f92ab1a50, 0x0000022fff58e230
}

Java Threads: ( => current thread )
  0x0000022fe902d7a0 JavaThread "main" [_thread_blocked, id=4412, stack(0x0000004dbf500000,0x0000004dbf600000)]
  0x0000022ff693b840 JavaThread "Reference Handler" daemon [_thread_blocked, id=3068, stack(0x0000004dbfc00000,0x0000004dbfd00000)]
  0x0000022ff693e4f0 JavaThread "Finalizer" daemon [_thread_blocked, id=16324, stack(0x0000004dbfd00000,0x0000004dbfe00000)]
  0x0000022ff695b9e0 JavaThread "Signal Dispatcher" daemon [_thread_blocked, id=3912, stack(0x0000004dbfe00000,0x0000004dbff00000)]
  0x0000022ff695e4a0 JavaThread "Attach Listener" daemon [_thread_blocked, id=10116, stack(0x0000004dbff00000,0x0000004dc0000000)]
  0x0000022ff695ef50 JavaThread "Service Thread" daemon [_thread_blocked, id=16856, stack(0x0000004dc0000000,0x0000004dc0100000)]
  0x0000022ff6961ac0 JavaThread "C2 CompilerThread0" daemon [_thread_in_native, id=12812, stack(0x0000004dc0100000,0x0000004dc0200000)]
  0x0000022ff6965650 JavaThread "C1 CompilerThread0" daemon [_thread_blocked, id=16432, stack(0x0000004dc0200000,0x0000004dc0300000)]
  0x0000022ff698f040 JavaThread "Sweeper thread" daemon [_thread_blocked, id=13420, stack(0x0000004dc0300000,0x0000004dc0400000)]
  0x0000022ff73a5860 JavaThread "Common-Cleaner" daemon [_thread_blocked, id=16372, stack(0x0000004dc0400000,0x0000004dc0500000)]
  0x0000022ff73a6ad0 JavaThread "Notification Thread" daemon [_thread_blocked, id=10532, stack(0x0000004dc0500000,0x0000004dc0600000)]
  0x0000022ff69aa240 JavaThread "Daemon health stats" [_thread_blocked, id=17744, stack(0x0000004dc0b00000,0x0000004dc0c00000)]
  0x0000022ff7559550 JavaThread "Incoming local TCP Connector on port 56532" [_thread_in_native, id=14864, stack(0x0000004dc0c00000,0x0000004dc0d00000)]
  0x0000022ff876a960 JavaThread "Daemon periodic checks" [_thread_blocked, id=17528, stack(0x0000004dc0d00000,0x0000004dc0e00000)]
  0x0000022ff876c640 JavaThread "Cache worker for journal cache (C:\Users\DoLa\.gradle\caches\journal-1)" [_thread_blocked, id=17428, stack(0x0000004dc1500000,0x0000004dc1600000)]
  0x0000022ff8769af0 JavaThread "File lock request listener" [_thread_in_native, id=9848, stack(0x0000004dc1600000,0x0000004dc1700000)]
  0x0000022ff8769fc0 JavaThread "Cache worker for file hash cache (C:\Users\DoLa\.gradle\caches\6.3\fileHashes)" [_thread_blocked, id=10920, stack(0x0000004dc1700000,0x0000004dc1800000)]
  0x0000022ff9e4b680 JavaThread "Cache worker for execution history cache (C:\Users\DoLa\.gradle\caches\6.3\executionHistory)" [_thread_blocked, id=3036, stack(0x0000004dc1c00000,0x0000004dc1d00000)]
  0x0000022ffd164a10 JavaThread "Memory manager" [_thread_blocked, id=14884, stack(0x0000004dc2500000,0x0000004dc2600000)]
  0x0000022ffd162d30 JavaThread "Cache worker for file content cache (C:\Users\DoLa\.gradle\caches\6.3\fileContent)" [_thread_blocked, id=10744, stack(0x0000004dc2700000,0x0000004dc2800000)]
  0x0000022ffcf59b10 JavaThread "Monitor" [_thread_in_native, id=16968, stack(0x0000004dc2f00000,0x0000004dc3000000)]
  0x0000022ffcf5a980 JavaThread "Device List Monitor" [_thread_in_native, id=16892, stack(0x0000004dc2e00000,0x0000004dc2f00000)]
  0x0000022ffd1653b0 JavaThread "Java2D Disposer" daemon [_thread_blocked, id=7728, stack(0x0000004dc1000000,0x0000004dc1100000)]
  0x0000022ffd165d50 JavaThread "AWT-Windows" daemon [_thread_in_native, id=19100, stack(0x0000004dc1300000,0x0000004dc1400000)]
  0x0000022ff9e4ace0 JavaThread "Daemon Thread 9" [_thread_blocked, id=19072, stack(0x0000004dc0e00000,0x0000004dc0f00000)]
  0x0000022ff9e45640 JavaThread "Handler for socket connection from /127.0.0.1:56532 to /127.0.0.1:59111" [_thread_in_native, id=17876, stack(0x0000004dc0f00000,0x0000004dc1000000)]
  0x0000022ff9e45b10 JavaThread "Cancel handler" [_thread_blocked, id=4440, stack(0x0000004dc1100000,0x0000004dc1200000)]
  0x0000022ff9e48b30 JavaThread "Daemon worker Thread 9" [_thread_in_Java, id=11664, stack(0x0000004dc1200000,0x0000004dc1300000)]
  0x0000022ff9e464b0 JavaThread "Asynchronous log dispatcher for DefaultDaemonConnection: socket connection from /127.0.0.1:56532 to /127.0.0.1:59111" [_thread_blocked, id=14156, stack(0x0000004dc1400000,0x0000004dc1500000)]
  0x0000022ff9e46980 JavaThread "Stdin handler" [_thread_blocked, id=14224, stack(0x0000004dc1800000,0x0000004dc1900000)]
  0x0000022ffcf58300 JavaThread "Thread-181" [_thread_blocked, id=18148, stack(0x0000004dc1900000,0x0000004dc1a00000)]
  0x0000022ffcf59640 JavaThread "Cache worker for checksums cache (E:\crop\fullapp\android\.gradle\checksums)" [_thread_blocked, id=13392, stack(0x0000004dc1a00000,0x0000004dc1b00000)]
  0x0000022ffcf59fe0 JavaThread "Cache worker for file hash cache (E:\crop\fullapp\android\.gradle\6.3\fileHashes)" [_thread_blocked, id=11288, stack(0x0000004dc1b00000,0x0000004dc1c00000)]
  0x0000022ffcf5fb50 JavaThread "Cache worker for cache directory md-supplier (C:\Users\DoLa\.gradle\caches\6.3\md-supplier)" [_thread_blocked, id=14608, stack(0x0000004dc1d00000,0x0000004dc1e00000)]
  0x0000022ffcf5c660 JavaThread "Cache worker for cache directory md-rule (C:\Users\DoLa\.gradle\caches\6.3\md-rule)" [_thread_blocked, id=6856, stack(0x0000004dc1e00000,0x0000004dc1f00000)]
  0x0000022ffcf5cb30 JavaThread "Build operations" [_thread_blocked, id=8168, stack(0x0000004dc2000000,0x0000004dc2100000)]
  0x0000022ffcf5e810 JavaThread "Build operations Thread 2" [_thread_blocked, id=10144, stack(0x0000004dc2200000,0x0000004dc2300000)]
  0x0000022ffcf5de70 JavaThread "Build operations Thread 3" [_thread_blocked, id=9336, stack(0x0000004dc2300000,0x0000004dc2400000)]
  0x0000022ffcf5d4d0 JavaThread "Build operations Thread 4" [_thread_blocked, id=17112, stack(0x0000004dc2400000,0x0000004dc2500000)]
  0x0000022ffcf5e340 JavaThread "pool-10-thread-1" [_thread_blocked, id=5592, stack(0x0000004dc2600000,0x0000004dc2700000)]
  0x0000022ffcf5ece0 JavaThread "Cache worker for Build Output Cleanup Cache (E:\crop\fullapp\android\.gradle\buildOutputCleanup)" [_thread_blocked, id=1956, stack(0x0000004dc2800000,0x0000004dc2900000)]
  0x0000022ff876bca0 JavaThread "Cache worker for file content cache (E:\crop\fullapp\android\.gradle\6.3\fileContent)" [_thread_blocked, id=18196, stack(0x0000004dc2b00000,0x0000004dc2c00000)]
  0x0000022ff876cfe0 JavaThread "Execution worker for ':'" [_thread_in_Java, id=12960, stack(0x0000004dc2c00000,0x0000004dc2d00000)]
  0x0000022ff876d4b0 JavaThread "Execution worker for ':' Thread 2" [_thread_in_Java, id=15116, stack(0x0000004dc2d00000,0x0000004dc2e00000)]
  0x0000022ffd165880 JavaThread "Execution worker for ':' Thread 3" [_thread_in_Java, id=13680, stack(0x0000004dc3000000,0x0000004dc3100000)]
  0x0000022ffd166220 JavaThread "Cache worker for execution history cache (E:\crop\fullapp\android\.gradle\6.3\executionHistory)" [_thread_blocked, id=18564, stack(0x0000004dc2a00000,0x0000004dc2b00000)]
  0x0000022ffd7d1640 JavaThread "WorkerExecutor Queue Thread 2" [_thread_blocked, id=3320, stack(0x0000004dc3200000,0x0000004dc3300000)]
  0x0000022ffd7d7b50 JavaThread "WorkerExecutor Queue Thread 3" [_thread_blocked, id=12316, stack(0x0000004dc3400000,0x0000004dc3500000)]
  0x0000022ffd7d1fe0 JavaThread "WorkerExecutor Queue Thread 4" [_thread_blocked, id=2504, stack(0x0000004dc3500000,0x0000004dc3600000)]
  0x0000022ffd7d71b0 JavaThread "Cache worker for Java compile cache (C:\Users\DoLa\.gradle\caches\6.3\javaCompile)" [_thread_blocked, id=16496, stack(0x0000004dc3300000,0x0000004dc3400000)]
  0x0000022ffd7d59a0 JavaThread "Cache worker for Java compile cache (E:\crop\fullapp\android\.gradle\6.3\javaCompile)" [_thread_blocked, id=19332, stack(0x0000004dc3600000,0x0000004dc3700000)]
  0x0000022f92aaea30 JavaThread "pool-11-thread-1" [_thread_blocked, id=18296, stack(0x0000004dc3a00000,0x0000004dc3b00000)]
  0x0000022f92aad220 JavaThread "stderr" [_thread_in_native, id=1408, stack(0x0000004dc3700000,0x0000004dc3800000)]
  0x0000022f92aac880 JavaThread "stdout" [_thread_in_native, id=19168, stack(0x0000004dc3b00000,0x0000004dc3c00000)]
  0x0000022f92aaf3d0 JavaThread "stderr" [_thread_in_native, id=12912, stack(0x0000004dc3c00000,0x0000004dc3d00000)]
  0x0000022f92aad6f0 JavaThread "stdout" [_thread_in_native, id=11108, stack(0x0000004dc3d00000,0x0000004dc3e00000)]
  0x0000022f92ab0240 JavaThread "stderr" [_thread_in_native, id=18592, stack(0x0000004dc3e00000,0x0000004dc3f00000)]
  0x0000022f92ab23f0 JavaThread "stdout" [_thread_in_native, id=11224, stack(0x0000004dc3f00000,0x0000004dc4000000)]
  0x0000022f92aadbc0 JavaThread "stderr" [_thread_in_native, id=9208, stack(0x0000004dc4000000,0x0000004dc4100000)]
  0x0000022f92ab1f20 JavaThread "stdout" [_thread_in_native, id=9804, stack(0x0000004dc4100000,0x0000004dc4200000)]
  0x0000022f92ab1a50 JavaThread "WorkerExecutor Queue Thread 6" [_thread_blocked, id=11220, stack(0x0000004dc3100000,0x0000004dc3200000)]
=>0x0000022fff58e230 JavaThread "C2 CompilerThread1" daemon [_thread_in_native, id=18212, stack(0x0000004dc4200000,0x0000004dc4300000)]

Other Threads:
  0x0000022ff6939750 VMThread "VM Thread" [stack: 0x0000004dbfb00000,0x0000004dbfc00000] [id=19036]
  0x0000022ff73aafb0 WatcherThread [stack: 0x0000004dc0600000,0x0000004dc0700000] [id=18416]
  0x0000022fe9051e20 GCTaskThread "GC Thread#0" [stack: 0x0000004dbf600000,0x0000004dbf700000] [id=12416]
  0x0000022ff7397590 GCTaskThread "GC Thread#1" [stack: 0x0000004dc0700000,0x0000004dc0800000] [id=16524]
  0x0000022ff73978c0 GCTaskThread "GC Thread#2" [stack: 0x0000004dc0800000,0x0000004dc0900000] [id=2064]
  0x0000022ff7bb3d80 GCTaskThread "GC Thread#3" [stack: 0x0000004dc0900000,0x0000004dc0a00000] [id=12552]
  0x0000022fe9056f70 ConcurrentGCThread "G1 Main Marker" [stack: 0x0000004dbf700000,0x0000004dbf800000] [id=9380]
  0x0000022fe9058c40 ConcurrentGCThread "G1 Conc#0" [stack: 0x0000004dbf800000,0x0000004dbf900000] [id=14908]
  0x0000022fe90fce00 ConcurrentGCThread "G1 Refine#0" [stack: 0x0000004dbf900000,0x0000004dbfa00000] [id=16984]
  0x0000022ff7b1c9e0 ConcurrentGCThread "G1 Refine#1" [stack: 0x0000004dc0a00000,0x0000004dc0b00000] [id=2916]
  0x0000022ffad39500 ConcurrentGCThread "G1 Refine#2" [stack: 0x0000004dc2100000,0x0000004dc2200000] [id=17716]
  0x0000022ffefc3a90 ConcurrentGCThread "G1 Refine#3" [stack: 0x0000004dc2900000,0x0000004dc2a00000] [id=8956]
  0x0000022fe90fda00 ConcurrentGCThread "G1 Young RemSet Sampling" [stack: 0x0000004dbfa00000,0x0000004dbfb00000] [id=16536]

Threads with active compile tasks:
C2 CompilerThread0  7376146 35354 %     4       com.android.tools.r8.ir.conversion.X::a @ 15 (720 bytes)
C2 CompilerThread1  7376146 35323       4       com.android.tools.r8.ir.conversion.N::b (4236 bytes)

VM state: not at safepoint (normal execution)

VM Mutex/Monitor currently owned by a thread: None

Heap address: 0x00000000e0000000, size: 512 MB, Compressed Oops mode: 32-bit
CDS archive(s) mapped at: [0x0000000800000000-0x0000000800b50000-0x0000000800b50000), size 11862016, SharedBaseAddress: 0x0000000800000000, ArchiveRelocationMode: 0.
Compressed class space mapped at: 0x0000000800b50000-0x0000000810350000, size: 260046848
Narrow klass base: 0x0000000800000000, Narrow klass shift: 3, Narrow klass range: 0x100000000

GC Precious Log:
 CPUs: 4 total, 4 available
 Memory: 8066M
 Large Page Support: Disabled
 NUMA Support: Disabled
 Compressed Oops: Enabled (32-bit)
 Heap Region Size: 1M
 Heap Min Capacity: 256M
 Heap Initial Capacity: 256M
 Heap Max Capacity: 512M
 Pre-touch: Disabled
 Parallel Workers: 4
 Concurrent Workers: 1
 Concurrent Refinement Workers: 4
 Periodic GC: Disabled

Heap:
 garbage-first heap   total 350208K, used 279119K [0x00000000e0000000, 0x0000000100000000)
  region size 1024K, 119 young (121856K), 10 survivors (10240K)
 Metaspace       used 121961K, capacity 124941K, committed 125084K, reserved 364544K
  class space    used 14213K, capacity 15084K, committed 15104K, reserved 253952K

Heap Regions: E=young(eden), S=young(survivor), O=old, HS=humongous(starts), HC=humongous(continues), CS=collection set, F=free, OA=open archive, CA=closed archive, TAMS=top-at-mark-start (previous, next)
|   0|0x00000000e0000000, 0x00000000e0100000, 0x00000000e0100000|100%| O|  |TAMS 0x00000000e0100000, 0x00000000e0000000| Untracked 
|   1|0x00000000e0100000, 0x00000000e0200000, 0x00000000e0200000|100%| O|  |TAMS 0x00000000e0200000, 0x00000000e0100000| Untracked 
|   2|0x00000000e0200000, 0x00000000e0300000, 0x00000000e0300000|100%| O|  |TAMS 0x00000000e0300000, 0x00000000e0200000| Untracked 
|   3|0x00000000e0300000, 0x00000000e0400000, 0x00000000e0400000|100%|HS|  |TAMS 0x00000000e0400000, 0x00000000e0300000| Complete 
|   4|0x00000000e0400000, 0x00000000e0500000, 0x00000000e0500000|100%|HC|  |TAMS 0x00000000e0500000, 0x00000000e0400000| Complete 
|   5|0x00000000e0500000, 0x00000000e0600000, 0x00000000e0600000|100%|HC|  |TAMS 0x00000000e0600000, 0x00000000e0500000| Complete 
|   6|0x00000000e0600000, 0x00000000e0700000, 0x00000000e0700000|100%| O|  |TAMS 0x00000000e0700000, 0x00000000e0600000| Untracked 
|   7|0x00000000e0700000, 0x00000000e0800000, 0x00000000e0800000|100%| O|  |TAMS 0x00000000e0800000, 0x00000000e0700000| Untracked 
|   8|0x00000000e0800000, 0x00000000e0900000, 0x00000000e0900000|100%| O|  |TAMS 0x00000000e0900000, 0x00000000e0800000| Untracked 
|   9|0x00000000e0900000, 0x00000000e0a00000, 0x00000000e0a00000|100%| O|  |TAMS 0x00000000e0a00000, 0x00000000e0900000| Untracked 
|  10|0x00000000e0a00000, 0x00000000e0b00000, 0x00000000e0b00000|100%| O|  |TAMS 0x00000000e0b00000, 0x00000000e0a00000| Untracked 
|  11|0x00000000e0b00000, 0x00000000e0b00000, 0x00000000e0c00000|  0%| F|  |TAMS 0x00000000e0b00000, 0x00000000e0b00000| Untracked 
|  12|0x00000000e0c00000, 0x00000000e0d00000, 0x00000000e0d00000|100%| O|  |TAMS 0x00000000e0d00000, 0x00000000e0c00000| Untracked 
|  13|0x00000000e0d00000, 0x00000000e0e00000, 0x00000000e0e00000|100%|HS|  |TAMS 0x00000000e0e00000, 0x00000000e0d00000| Complete 
|  14|0x00000000e0e00000, 0x00000000e0f00000, 0x00000000e0f00000|100%|HC|  |TAMS 0x00000000e0f00000, 0x00000000e0e00000| Complete 
|  15|0x00000000e0f00000, 0x00000000e1000000, 0x00000000e1000000|100%| O|  |TAMS 0x00000000e1000000, 0x00000000e0f00000| Untracked 
|  16|0x00000000e1000000, 0x00000000e1100000, 0x00000000e1100000|100%| O|  |TAMS 0x00000000e1100000, 0x00000000e1000000| Untracked 
|  17|0x00000000e1100000, 0x00000000e1200000, 0x00000000e1200000|100%| O|  |TAMS 0x00000000e1200000, 0x00000000e1100000| Untracked 
|  18|0x00000000e1200000, 0x00000000e1300000, 0x00000000e1300000|100%| O|  |TAMS 0x00000000e1300000, 0x00000000e1200000| Untracked 
|  19|0x00000000e1300000, 0x00000000e1400000, 0x00000000e1400000|100%| O|  |TAMS 0x00000000e1400000, 0x00000000e1300000| Untracked 
|  20|0x00000000e1400000, 0x00000000e1500000, 0x00000000e1500000|100%| O|  |TAMS 0x00000000e1500000, 0x00000000e1400000| Untracked 
|  21|0x00000000e1500000, 0x00000000e1600000, 0x00000000e1600000|100%| O|  |TAMS 0x00000000e1600000, 0x00000000e1500000| Untracked 
|  22|0x00000000e1600000, 0x00000000e1700000, 0x00000000e1700000|100%| O|  |TAMS 0x00000000e1700000, 0x00000000e1600000| Untracked 
|  23|0x00000000e1700000, 0x00000000e1800000, 0x00000000e1800000|100%| O|  |TAMS 0x00000000e1800000, 0x00000000e1700000| Untracked 
|  24|0x00000000e1800000, 0x00000000e1900000, 0x00000000e1900000|100%| O|  |TAMS 0x00000000e1900000, 0x00000000e1800000| Untracked 
|  25|0x00000000e1900000, 0x00000000e1a00000, 0x00000000e1a00000|100%| O|  |TAMS 0x00000000e1a00000, 0x00000000e1900000| Untracked 
|  26|0x00000000e1a00000, 0x00000000e1b00000, 0x00000000e1b00000|100%| O|  |TAMS 0x00000000e1b00000, 0x00000000e1a00000| Untracked 
|  27|0x00000000e1b00000, 0x00000000e1c00000, 0x00000000e1c00000|100%| O|  |TAMS 0x00000000e1c00000, 0x00000000e1b00000| Untracked 
|  28|0x00000000e1c00000, 0x00000000e1d00000, 0x00000000e1d00000|100%| O|  |TAMS 0x00000000e1d00000, 0x00000000e1c00000| Untracked 
|  29|0x00000000e1d00000, 0x00000000e1e00000, 0x00000000e1e00000|100%| O|  |TAMS 0x00000000e1e00000, 0x00000000e1d00000| Untracked 
|  30|0x00000000e1e00000, 0x00000000e1f00000, 0x00000000e1f00000|100%| O|  |TAMS 0x00000000e1f00000, 0x00000000e1e00000| Untracked 
|  31|0x00000000e1f00000, 0x00000000e2000000, 0x00000000e2000000|100%| O|  |TAMS 0x00000000e2000000, 0x00000000e1f00000| Untracked 
|  32|0x00000000e2000000, 0x00000000e2100000, 0x00000000e2100000|100%| O|  |TAMS 0x00000000e2100000, 0x00000000e2000000| Untracked 
|  33|0x00000000e2100000, 0x00000000e2200000, 0x00000000e2200000|100%| O|  |TAMS 0x00000000e2200000, 0x00000000e2100000| Untracked 
|  34|0x00000000e2200000, 0x00000000e2300000, 0x00000000e2300000|100%| O|  |TAMS 0x00000000e2300000, 0x00000000e2200000| Untracked 
|  35|0x00000000e2300000, 0x00000000e2400000, 0x00000000e2400000|100%| O|  |TAMS 0x00000000e2400000, 0x00000000e2300000| Untracked 
|  36|0x00000000e2400000, 0x00000000e2500000, 0x00000000e2500000|100%| O|  |TAMS 0x00000000e2500000, 0x00000000e2400000| Untracked 
|  37|0x00000000e2500000, 0x00000000e2600000, 0x00000000e2600000|100%| O|  |TAMS 0x00000000e2600000, 0x00000000e2500000| Untracked 
|  38|0x00000000e2600000, 0x00000000e2700000, 0x00000000e2700000|100%| O|  |TAMS 0x00000000e2700000, 0x00000000e2600000| Untracked 
|  39|0x00000000e2700000, 0x00000000e2800000, 0x00000000e2800000|100%| O|  |TAMS 0x00000000e2800000, 0x00000000e2700000| Untracked 
|  40|0x00000000e2800000, 0x00000000e2900000, 0x00000000e2900000|100%| O|  |TAMS 0x00000000e2900000, 0x00000000e2800000| Untracked 
|  41|0x00000000e2900000, 0x00000000e2a00000, 0x00000000e2a00000|100%| O|  |TAMS 0x00000000e2a00000, 0x00000000e2900000| Untracked 
|  42|0x00000000e2a00000, 0x00000000e2b00000, 0x00000000e2b00000|100%| O|  |TAMS 0x00000000e2b00000, 0x00000000e2a00000| Untracked 
|  43|0x00000000e2b00000, 0x00000000e2c00000, 0x00000000e2c00000|100%| O|  |TAMS 0x00000000e2c00000, 0x00000000e2b00000| Untracked 
|  44|0x00000000e2c00000, 0x00000000e2d00000, 0x00000000e2d00000|100%| O|  |TAMS 0x00000000e2d00000, 0x00000000e2c00000| Untracked 
|  45|0x00000000e2d00000, 0x00000000e2e00000, 0x00000000e2e00000|100%| O|  |TAMS 0x00000000e2e00000, 0x00000000e2d00000| Untracked 
|  46|0x00000000e2e00000, 0x00000000e2f00000, 0x00000000e2f00000|100%| O|  |TAMS 0x00000000e2f00000, 0x00000000e2e00000| Untracked 
|  47|0x00000000e2f00000, 0x00000000e3000000, 0x00000000e3000000|100%| O|  |TAMS 0x00000000e3000000, 0x00000000e2f00000| Untracked 
|  48|0x00000000e3000000, 0x00000000e3100000, 0x00000000e3100000|100%| O|  |TAMS 0x00000000e3100000, 0x00000000e3000000| Untracked 
|  49|0x00000000e3100000, 0x00000000e3200000, 0x00000000e3200000|100%| O|  |TAMS 0x00000000e3200000, 0x00000000e3100000| Untracked 
|  50|0x00000000e3200000, 0x00000000e3300000, 0x00000000e3300000|100%| O|  |TAMS 0x00000000e3300000, 0x00000000e3200000| Untracked 
|  51|0x00000000e3300000, 0x00000000e3400000, 0x00000000e3400000|100%| O|  |TAMS 0x00000000e3400000, 0x00000000e3300000| Untracked 
|  52|0x00000000e3400000, 0x00000000e3400000, 0x00000000e3500000|  0%| F|  |TAMS 0x00000000e3400000, 0x00000000e3400000| Untracked 
|  53|0x00000000e3500000, 0x00000000e3500000, 0x00000000e3600000|  0%| F|  |TAMS 0x00000000e3500000, 0x00000000e3500000| Untracked 
|  54|0x00000000e3600000, 0x00000000e3600000, 0x00000000e3700000|  0%| F|  |TAMS 0x00000000e3600000, 0x00000000e3600000| Untracked 
|  55|0x00000000e3700000, 0x00000000e3800000, 0x00000000e3800000|100%| O|  |TAMS 0x00000000e3800000, 0x00000000e3700000| Untracked 
|  56|0x00000000e3800000, 0x00000000e3900000, 0x00000000e3900000|100%| O|  |TAMS 0x00000000e3900000, 0x00000000e3800000| Untracked 
|  57|0x00000000e3900000, 0x00000000e3a00000, 0x00000000e3a00000|100%| O|  |TAMS 0x00000000e3a00000, 0x00000000e3900000| Untracked 
|  58|0x00000000e3a00000, 0x00000000e3b00000, 0x00000000e3b00000|100%| O|  |TAMS 0x00000000e3b00000, 0x00000000e3a00000| Untracked 
|  59|0x00000000e3b00000, 0x00000000e3c00000, 0x00000000e3c00000|100%| O|  |TAMS 0x00000000e3c00000, 0x00000000e3b00000| Untracked 
|  60|0x00000000e3c00000, 0x00000000e3d00000, 0x00000000e3d00000|100%| O|  |TAMS 0x00000000e3d00000, 0x00000000e3c00000| Untracked 
|  61|0x00000000e3d00000, 0x00000000e3e00000, 0x00000000e3e00000|100%| O|  |TAMS 0x00000000e3e00000, 0x00000000e3d00000| Untracked 
|  62|0x00000000e3e00000, 0x00000000e3f00000, 0x00000000e3f00000|100%| O|  |TAMS 0x00000000e3f00000, 0x00000000e3e00000| Untracked 
|  63|0x00000000e3f00000, 0x00000000e4000000, 0x00000000e4000000|100%| O|  |TAMS 0x00000000e4000000, 0x00000000e3f00000| Untracked 
|  64|0x00000000e4000000, 0x00000000e4100000, 0x00000000e4100000|100%| O|  |TAMS 0x00000000e4100000, 0x00000000e4000000| Untracked 
|  65|0x00000000e4100000, 0x00000000e4100000, 0x00000000e4200000|  0%| F|  |TAMS 0x00000000e4100000, 0x00000000e4100000| Untracked 
|  66|0x00000000e4200000, 0x00000000e4300000, 0x00000000e4300000|100%| O|  |TAMS 0x00000000e4300000, 0x00000000e4200000| Untracked 
|  67|0x00000000e4300000, 0x00000000e4400000, 0x00000000e4400000|100%| O|  |TAMS 0x00000000e4400000, 0x00000000e4300000| Untracked 
|  68|0x00000000e4400000, 0x00000000e4500000, 0x00000000e4500000|100%| O|  |TAMS 0x00000000e4500000, 0x00000000e4400000| Untracked 
|  69|0x00000000e4500000, 0x00000000e4500000, 0x00000000e4600000|  0%| F|  |TAMS 0x00000000e4500000, 0x00000000e4500000| Untracked 
|  70|0x00000000e4600000, 0x00000000e4600000, 0x00000000e4700000|  0%| F|  |TAMS 0x00000000e4600000, 0x00000000e4600000| Untracked 
|  71|0x00000000e4700000, 0x00000000e4800000, 0x00000000e4800000|100%| O|  |TAMS 0x00000000e4800000, 0x00000000e4700000| Untracked 
|  72|0x00000000e4800000, 0x00000000e4900000, 0x00000000e4900000|100%| O|  |TAMS 0x00000000e4900000, 0x00000000e4800000| Untracked 
|  73|0x00000000e4900000, 0x00000000e4a00000, 0x00000000e4a00000|100%| O|  |TAMS 0x00000000e4a00000, 0x00000000e4900000| Untracked 
|  74|0x00000000e4a00000, 0x00000000e4b00000, 0x00000000e4b00000|100%| O|  |TAMS 0x00000000e4b00000, 0x00000000e4a00000| Untracked 
|  75|0x00000000e4b00000, 0x00000000e4c00000, 0x00000000e4c00000|100%| O|  |TAMS 0x00000000e4c00000, 0x00000000e4b00000| Untracked 
|  76|0x00000000e4c00000, 0x00000000e4c00000, 0x00000000e4d00000|  0%| F|  |TAMS 0x00000000e4c00000, 0x00000000e4c00000| Untracked 
|  77|0x00000000e4d00000, 0x00000000e4e00000, 0x00000000e4e00000|100%| O|  |TAMS 0x00000000e4e00000, 0x00000000e4d00000| Untracked 
|  78|0x00000000e4e00000, 0x00000000e4f00000, 0x00000000e4f00000|100%| O|  |TAMS 0x00000000e4f00000, 0x00000000e4e00000| Untracked 
|  79|0x00000000e4f00000, 0x00000000e5000000, 0x00000000e5000000|100%| O|  |TAMS 0x00000000e5000000, 0x00000000e4f00000| Untracked 
|  80|0x00000000e5000000, 0x00000000e5100000, 0x00000000e5100000|100%| O|  |TAMS 0x00000000e5100000, 0x00000000e5000000| Untracked 
|  81|0x00000000e5100000, 0x00000000e5200000, 0x00000000e5200000|100%| O|  |TAMS 0x00000000e5200000, 0x00000000e5100000| Untracked 
|  82|0x00000000e5200000, 0x00000000e5300000, 0x00000000e5300000|100%| O|  |TAMS 0x00000000e5300000, 0x00000000e5200000| Untracked 
|  83|0x00000000e5300000, 0x00000000e5400000, 0x00000000e5400000|100%| O|  |TAMS 0x00000000e5400000, 0x00000000e5300000| Untracked 
|  84|0x00000000e5400000, 0x00000000e5500000, 0x00000000e5500000|100%| O|  |TAMS 0x00000000e5500000, 0x00000000e5400000| Untracked 
|  85|0x00000000e5500000, 0x00000000e5600000, 0x00000000e5600000|100%| O|  |TAMS 0x00000000e5600000, 0x00000000e5500000| Untracked 
|  86|0x00000000e5600000, 0x00000000e5700000, 0x00000000e5700000|100%| O|  |TAMS 0x00000000e5700000, 0x00000000e5600000| Untracked 
|  87|0x00000000e5700000, 0x00000000e5800000, 0x00000000e5800000|100%| O|  |TAMS 0x00000000e5800000, 0x00000000e5700000| Untracked 
|  88|0x00000000e5800000, 0x00000000e5900000, 0x00000000e5900000|100%| O|  |TAMS 0x00000000e5900000, 0x00000000e5800000| Untracked 
|  89|0x00000000e5900000, 0x00000000e5a00000, 0x00000000e5a00000|100%| O|  |TAMS 0x00000000e5a00000, 0x00000000e5900000| Untracked 
|  90|0x00000000e5a00000, 0x00000000e5b00000, 0x00000000e5b00000|100%| O|  |TAMS 0x00000000e5b00000, 0x00000000e5a00000| Untracked 
|  91|0x00000000e5b00000, 0x00000000e5c00000, 0x00000000e5c00000|100%| O|  |TAMS 0x00000000e5c00000, 0x00000000e5b00000| Untracked 
|  92|0x00000000e5c00000, 0x00000000e5d00000, 0x00000000e5d00000|100%| O|  |TAMS 0x00000000e5d00000, 0x00000000e5c00000| Untracked 
|  93|0x00000000e5d00000, 0x00000000e5e00000, 0x00000000e5e00000|100%| O|  |TAMS 0x00000000e5e00000, 0x00000000e5d00000| Untracked 
|  94|0x00000000e5e00000, 0x00000000e5f00000, 0x00000000e5f00000|100%| O|  |TAMS 0x00000000e5f00000, 0x00000000e5e00000| Untracked 
|  95|0x00000000e5f00000, 0x00000000e6000000, 0x00000000e6000000|100%| O|  |TAMS 0x00000000e6000000, 0x00000000e5f00000| Untracked 
|  96|0x00000000e6000000, 0x00000000e6100000, 0x00000000e6100000|100%| O|  |TAMS 0x00000000e6100000, 0x00000000e6000000| Untracked 
|  97|0x00000000e6100000, 0x00000000e6200000, 0x00000000e6200000|100%| O|  |TAMS 0x00000000e6200000, 0x00000000e6100000| Untracked 
|  98|0x00000000e6200000, 0x00000000e6300000, 0x00000000e6300000|100%| O|  |TAMS 0x00000000e6300000, 0x00000000e6200000| Untracked 
|  99|0x00000000e6300000, 0x00000000e6400000, 0x00000000e6400000|100%| O|  |TAMS 0x00000000e6400000, 0x00000000e6300000| Untracked 
| 100|0x00000000e6400000, 0x00000000e6500000, 0x00000000e6500000|100%| O|  |TAMS 0x00000000e6500000, 0x00000000e6400000| Untracked 
| 101|0x00000000e6500000, 0x00000000e6600000, 0x00000000e6600000|100%| O|  |TAMS 0x00000000e6600000, 0x00000000e6500000| Untracked 
| 102|0x00000000e6600000, 0x00000000e6700000, 0x00000000e6700000|100%| O|  |TAMS 0x00000000e6700000, 0x00000000e6600000| Untracked 
| 103|0x00000000e6700000, 0x00000000e6800000, 0x00000000e6800000|100%| O|  |TAMS 0x00000000e6800000, 0x00000000e6700000| Untracked 
| 104|0x00000000e6800000, 0x00000000e6900000, 0x00000000e6900000|100%| O|  |TAMS 0x00000000e6900000, 0x00000000e6800000| Untracked 
| 105|0x00000000e6900000, 0x00000000e6a00000, 0x00000000e6a00000|100%| O|  |TAMS 0x00000000e6a00000, 0x00000000e6900000| Untracked 
| 106|0x00000000e6a00000, 0x00000000e6b00000, 0x00000000e6b00000|100%| O|  |TAMS 0x00000000e6b00000, 0x00000000e6a00000| Untracked 
| 107|0x00000000e6b00000, 0x00000000e6b00000, 0x00000000e6c00000|  0%| F|  |TAMS 0x00000000e6b00000, 0x00000000e6b00000| Untracked 
| 108|0x00000000e6c00000, 0x00000000e6d00000, 0x00000000e6d00000|100%| O|  |TAMS 0x00000000e6d00000, 0x00000000e6c00000| Untracked 
| 109|0x00000000e6d00000, 0x00000000e6e00000, 0x00000000e6e00000|100%| O|  |TAMS 0x00000000e6e00000, 0x00000000e6d00000| Untracked 
| 110|0x00000000e6e00000, 0x00000000e6f00000, 0x00000000e6f00000|100%| O|  |TAMS 0x00000000e6f00000, 0x00000000e6e00000| Untracked 
| 111|0x00000000e6f00000, 0x00000000e7000000, 0x00000000e7000000|100%| O|  |TAMS 0x00000000e7000000, 0x00000000e6f00000| Untracked 
| 112|0x00000000e7000000, 0x00000000e7100000, 0x00000000e7100000|100%| O|  |TAMS 0x00000000e7100000, 0x00000000e7000000| Untracked 
| 113|0x00000000e7100000, 0x00000000e7200000, 0x00000000e7200000|100%| O|  |TAMS 0x00000000e7200000, 0x00000000e7100000| Untracked 
| 114|0x00000000e7200000, 0x00000000e7300000, 0x00000000e7300000|100%| O|  |TAMS 0x00000000e7300000, 0x00000000e7200000| Untracked 
| 115|0x00000000e7300000, 0x00000000e7400000, 0x00000000e7400000|100%| O|  |TAMS 0x00000000e7400000, 0x00000000e7300000| Untracked 
| 116|0x00000000e7400000, 0x00000000e7500000, 0x00000000e7500000|100%| O|  |TAMS 0x00000000e7500000, 0x00000000e7400000| Untracked 
| 117|0x00000000e7500000, 0x00000000e7600000, 0x00000000e7600000|100%| O|  |TAMS 0x00000000e7600000, 0x00000000e7500000| Untracked 
| 118|0x00000000e7600000, 0x00000000e7700000, 0x00000000e7700000|100%| O|  |TAMS 0x00000000e7700000, 0x00000000e7600000| Untracked 
| 119|0x00000000e7700000, 0x00000000e7800000, 0x00000000e7800000|100%| O|  |TAMS 0x00000000e7800000, 0x00000000e7700000| Untracked 
| 120|0x00000000e7800000, 0x00000000e7900000, 0x00000000e7900000|100%| O|  |TAMS 0x00000000e7900000, 0x00000000e7800000| Untracked 
| 121|0x00000000e7900000, 0x00000000e7a00000, 0x00000000e7a00000|100%| O|  |TAMS 0x00000000e7a00000, 0x00000000e7900000| Untracked 
| 122|0x00000000e7a00000, 0x00000000e7b00000, 0x00000000e7b00000|100%| O|  |TAMS 0x00000000e7b00000, 0x00000000e7a00000| Untracked 
| 123|0x00000000e7b00000, 0x00000000e7c00000, 0x00000000e7c00000|100%| O|  |TAMS 0x00000000e7c00000, 0x00000000e7b00000| Untracked 
| 124|0x00000000e7c00000, 0x00000000e7d00000, 0x00000000e7d00000|100%| O|  |TAMS 0x00000000e7d00000, 0x00000000e7c00000| Untracked 
| 125|0x00000000e7d00000, 0x00000000e7e00000, 0x00000000e7e00000|100%|HS|  |TAMS 0x00000000e7e00000, 0x00000000e7d00000| Complete 
| 126|0x00000000e7e00000, 0x00000000e7f00000, 0x00000000e7f00000|100%|HC|  |TAMS 0x00000000e7f00000, 0x00000000e7e00000| Complete 
| 127|0x00000000e7f00000, 0x00000000e8000000, 0x00000000e8000000|100%| O|  |TAMS 0x00000000e8000000, 0x00000000e7f00000| Untracked 
| 128|0x00000000e8000000, 0x00000000e8100000, 0x00000000e8100000|100%| O|  |TAMS 0x00000000e8100000, 0x00000000e8000000| Untracked 
| 129|0x00000000e8100000, 0x00000000e8100000, 0x00000000e8200000|  0%| F|  |TAMS 0x00000000e8100000, 0x00000000e8100000| Untracked 
| 130|0x00000000e8200000, 0x00000000e8200000, 0x00000000e8300000|  0%| F|  |TAMS 0x00000000e8200000, 0x00000000e8200000| Untracked 
| 131|0x00000000e8300000, 0x00000000e8400000, 0x00000000e8400000|100%| O|  |TAMS 0x00000000e8400000, 0x00000000e8300000| Untracked 
| 132|0x00000000e8400000, 0x00000000e8500000, 0x00000000e8500000|100%| O|  |TAMS 0x00000000e8500000, 0x00000000e8400000| Untracked 
| 133|0x00000000e8500000, 0x00000000e8600000, 0x00000000e8600000|100%| O|  |TAMS 0x00000000e8600000, 0x00000000e8500000| Untracked 
| 134|0x00000000e8600000, 0x00000000e8700000, 0x00000000e8700000|100%| O|  |TAMS 0x00000000e8700000, 0x00000000e8600000| Untracked 
| 135|0x00000000e8700000, 0x00000000e8800000, 0x00000000e8800000|100%| O|  |TAMS 0x00000000e8800000, 0x00000000e8700000| Untracked 
| 136|0x00000000e8800000, 0x00000000e8900000, 0x00000000e8900000|100%| O|  |TAMS 0x00000000e8900000, 0x00000000e8800000| Untracked 
| 137|0x00000000e8900000, 0x00000000e8a00000, 0x00000000e8a00000|100%| O|  |TAMS 0x00000000e8a00000, 0x00000000e8900000| Untracked 
| 138|0x00000000e8a00000, 0x00000000e8b00000, 0x00000000e8b00000|100%| O|  |TAMS 0x00000000e8b00000, 0x00000000e8a00000| Untracked 
| 139|0x00000000e8b00000, 0x00000000e8c00000, 0x00000000e8c00000|100%| O|  |TAMS 0x00000000e8c00000, 0x00000000e8b00000| Untracked 
| 140|0x00000000e8c00000, 0x00000000e8d00000, 0x00000000e8d00000|100%| O|  |TAMS 0x00000000e8d00000, 0x00000000e8c00000| Untracked 
| 141|0x00000000e8d00000, 0x00000000e8d00000, 0x00000000e8e00000|  0%| F|  |TAMS 0x00000000e8d00000, 0x00000000e8d00000| Untracked 
| 142|0x00000000e8e00000, 0x00000000e8f00000, 0x00000000e8f00000|100%| O|  |TAMS 0x00000000e8f00000, 0x00000000e8e00000| Untracked 
| 143|0x00000000e8f00000, 0x00000000e9000000, 0x00000000e9000000|100%| O|  |TAMS 0x00000000e9000000, 0x00000000e8f00000| Untracked 
| 144|0x00000000e9000000, 0x00000000e9000000, 0x00000000e9100000|  0%| F|  |TAMS 0x00000000e9000000, 0x00000000e9000000| Untracked 
| 145|0x00000000e9100000, 0x00000000e9200000, 0x00000000e9200000|100%| O|  |TAMS 0x00000000e9200000, 0x00000000e9100000| Untracked 
| 146|0x00000000e9200000, 0x00000000e9300000, 0x00000000e9300000|100%| O|  |TAMS 0x00000000e9300000, 0x00000000e9200000| Untracked 
| 147|0x00000000e9300000, 0x00000000e9400000, 0x00000000e9400000|100%| O|  |TAMS 0x00000000e9400000, 0x00000000e9300000| Untracked 
| 148|0x00000000e9400000, 0x00000000e9500000, 0x00000000e9500000|100%| O|  |TAMS 0x00000000e9500000, 0x00000000e9400000| Untracked 
| 149|0x00000000e9500000, 0x00000000e9600000, 0x00000000e9600000|100%| O|  |TAMS 0x00000000e9600000, 0x00000000e9500000| Untracked 
| 150|0x00000000e9600000, 0x00000000e9700000, 0x00000000e9700000|100%| O|  |TAMS 0x00000000e9700000, 0x00000000e9600000| Untracked 
| 151|0x00000000e9700000, 0x00000000e9700000, 0x00000000e9800000|  0%| F|  |TAMS 0x00000000e9700000, 0x00000000e9700000| Untracked 
| 152|0x00000000e9800000, 0x00000000e9800000, 0x00000000e9900000|  0%| F|  |TAMS 0x00000000e9800000, 0x00000000e9800000| Untracked 
| 153|0x00000000e9900000, 0x00000000e9900000, 0x00000000e9a00000|  0%| F|  |TAMS 0x00000000e9900000, 0x00000000e9900000| Untracked 
| 154|0x00000000e9a00000, 0x00000000e9a00000, 0x00000000e9b00000|  0%| F|  |TAMS 0x00000000e9a00000, 0x00000000e9a00000| Untracked 
| 155|0x00000000e9b00000, 0x00000000e9c00000, 0x00000000e9c00000|100%| O|  |TAMS 0x00000000e9c00000, 0x00000000e9b00000| Untracked 
| 156|0x00000000e9c00000, 0x00000000e9c00000, 0x00000000e9d00000|  0%| F|  |TAMS 0x00000000e9c00000, 0x00000000e9c00000| Untracked 
| 157|0x00000000e9d00000, 0x00000000e9e00000, 0x00000000e9e00000|100%| O|  |TAMS 0x00000000e9e00000, 0x00000000e9d00000| Untracked 
| 158|0x00000000e9e00000, 0x00000000e9f00000, 0x00000000e9f00000|100%| O|  |TAMS 0x00000000e9f00000, 0x00000000e9e00000| Untracked 
| 159|0x00000000e9f00000, 0x00000000e9f00000, 0x00000000ea000000|  0%| F|  |TAMS 0x00000000e9f00000, 0x00000000e9f00000| Untracked 
| 160|0x00000000ea000000, 0x00000000ea000000, 0x00000000ea100000|  0%| F|  |TAMS 0x00000000ea000000, 0x00000000ea000000| Untracked 
| 161|0x00000000ea100000, 0x00000000ea100000, 0x00000000ea200000|  0%| F|  |TAMS 0x00000000ea100000, 0x00000000ea100000| Untracked 
| 162|0x00000000ea200000, 0x00000000ea200000, 0x00000000ea300000|  0%| F|  |TAMS 0x00000000ea200000, 0x00000000ea200000| Untracked 
| 163|0x00000000ea300000, 0x00000000ea400000, 0x00000000ea400000|100%| O|  |TAMS 0x00000000ea400000, 0x00000000ea300000| Untracked 
| 164|0x00000000ea400000, 0x00000000ea500000, 0x00000000ea500000|100%| O|  |TAMS 0x00000000ea500000, 0x00000000ea400000| Untracked 
| 165|0x00000000ea500000, 0x00000000ea500000, 0x00000000ea600000|  0%| F|  |TAMS 0x00000000ea500000, 0x00000000ea500000| Untracked 
| 166|0x00000000ea600000, 0x00000000ea600000, 0x00000000ea700000|  0%| F|  |TAMS 0x00000000ea600000, 0x00000000ea600000| Untracked 
| 167|0x00000000ea700000, 0x00000000ea700000, 0x00000000ea800000|  0%| F|  |TAMS 0x00000000ea700000, 0x00000000ea700000| Untracked 
| 168|0x00000000ea800000, 0x00000000ea800000, 0x00000000ea900000|  0%| F|  |TAMS 0x00000000ea800000, 0x00000000ea800000| Untracked 
| 169|0x00000000ea900000, 0x00000000eaa00000, 0x00000000eaa00000|100%| O|  |TAMS 0x00000000eaa00000, 0x00000000ea900000| Untracked 
| 170|0x00000000eaa00000, 0x00000000eaa00000, 0x00000000eab00000|  0%| F|  |TAMS 0x00000000eaa00000, 0x00000000eaa00000| Untracked 
| 171|0x00000000eab00000, 0x00000000eac00000, 0x00000000eac00000|100%| O|  |TAMS 0x00000000eac00000, 0x00000000eab00000| Untracked 
| 172|0x00000000eac00000, 0x00000000eac00000, 0x00000000ead00000|  0%| F|  |TAMS 0x00000000eac00000, 0x00000000eac00000| Untracked 
| 173|0x00000000ead00000, 0x00000000eae00000, 0x00000000eae00000|100%| O|  |TAMS 0x00000000eae00000, 0x00000000ead00000| Untracked 
| 174|0x00000000eae00000, 0x00000000eae00000, 0x00000000eaf00000|  0%| F|  |TAMS 0x00000000eae00000, 0x00000000eae00000| Untracked 
| 175|0x00000000eaf00000, 0x00000000eaf00000, 0x00000000eb000000|  0%| F|  |TAMS 0x00000000eaf00000, 0x00000000eaf00000| Untracked 
| 176|0x00000000eb000000, 0x00000000eb000000, 0x00000000eb100000|  0%| F|  |TAMS 0x00000000eb000000, 0x00000000eb000000| Untracked 
| 177|0x00000000eb100000, 0x00000000eb100000, 0x00000000eb200000|  0%| F|  |TAMS 0x00000000eb100000, 0x00000000eb100000| Untracked 
| 178|0x00000000eb200000, 0x00000000eb300000, 0x00000000eb300000|100%| O|  |TAMS 0x00000000eb300000, 0x00000000eb200000| Untracked 
| 179|0x00000000eb300000, 0x00000000eb300000, 0x00000000eb400000|  0%| F|  |TAMS 0x00000000eb300000, 0x00000000eb300000| Untracked 
| 180|0x00000000eb400000, 0x00000000eb400000, 0x00000000eb500000|  0%| F|  |TAMS 0x00000000eb400000, 0x00000000eb400000| Untracked 
| 181|0x00000000eb500000, 0x00000000eb600000, 0x00000000eb600000|100%| O|  |TAMS 0x00000000eb600000, 0x00000000eb500000| Untracked 
| 182|0x00000000eb600000, 0x00000000eb6a2200, 0x00000000eb700000| 63%| O|  |TAMS 0x00000000eb6a2200, 0x00000000eb600000| Untracked 
| 183|0x00000000eb700000, 0x00000000eb700000, 0x00000000eb800000|  0%| F|  |TAMS 0x00000000eb700000, 0x00000000eb700000| Untracked 
| 184|0x00000000eb800000, 0x00000000eb800000, 0x00000000eb900000|  0%| F|  |TAMS 0x00000000eb800000, 0x00000000eb800000| Untracked 
| 185|0x00000000eb900000, 0x00000000eb900000, 0x00000000eba00000|  0%| F|  |TAMS 0x00000000eb900000, 0x00000000eb900000| Untracked 
| 186|0x00000000eba00000, 0x00000000eba00000, 0x00000000ebb00000|  0%| F|  |TAMS 0x00000000eba00000, 0x00000000eba00000| Untracked 
| 187|0x00000000ebb00000, 0x00000000ebb00000, 0x00000000ebc00000|  0%| F|  |TAMS 0x00000000ebb00000, 0x00000000ebb00000| Untracked 
| 188|0x00000000ebc00000, 0x00000000ebc00000, 0x00000000ebd00000|  0%| F|  |TAMS 0x00000000ebc00000, 0x00000000ebc00000| Untracked 
| 189|0x00000000ebd00000, 0x00000000ebd00000, 0x00000000ebe00000|  0%| F|  |TAMS 0x00000000ebd00000, 0x00000000ebd00000| Untracked 
| 190|0x00000000ebe00000, 0x00000000ebe00000, 0x00000000ebf00000|  0%| F|  |TAMS 0x00000000ebe00000, 0x00000000ebe00000| Untracked 
| 191|0x00000000ebf00000, 0x00000000ebf00000, 0x00000000ec000000|  0%| F|  |TAMS 0x00000000ebf00000, 0x00000000ebf00000| Untracked 
| 192|0x00000000ec000000, 0x00000000ec0f1db8, 0x00000000ec100000| 94%| S|CS|TAMS 0x00000000ec000000, 0x00000000ec000000| Complete 
| 193|0x00000000ec100000, 0x00000000ec200000, 0x00000000ec200000|100%| S|CS|TAMS 0x00000000ec100000, 0x00000000ec100000| Complete 
| 194|0x00000000ec200000, 0x00000000ec300000, 0x00000000ec300000|100%| S|CS|TAMS 0x00000000ec200000, 0x00000000ec200000| Complete 
| 195|0x00000000ec300000, 0x00000000ec400000, 0x00000000ec400000|100%| S|CS|TAMS 0x00000000ec300000, 0x00000000ec300000| Complete 
| 196|0x00000000ec400000, 0x00000000ec500000, 0x00000000ec500000|100%| S|CS|TAMS 0x00000000ec400000, 0x00000000ec400000| Complete 
| 197|0x00000000ec500000, 0x00000000ec600000, 0x00000000ec600000|100%| O|  |TAMS 0x00000000ec600000, 0x00000000ec500000| Untracked 
| 198|0x00000000ec600000, 0x00000000ec700000, 0x00000000ec700000|100%| S|CS|TAMS 0x00000000ec600000, 0x00000000ec600000| Complete 
| 199|0x00000000ec700000, 0x00000000ec800000, 0x00000000ec800000|100%| O|  |TAMS 0x00000000ec800000, 0x00000000ec700000| Untracked 
| 200|0x00000000ec800000, 0x00000000ec900000, 0x00000000ec900000|100%| O|  |TAMS 0x00000000ec900000, 0x00000000ec800000| Untracked 
| 201|0x00000000ec900000, 0x00000000eca00000, 0x00000000eca00000|100%| O|  |TAMS 0x00000000eca00000, 0x00000000ec900000| Untracked 
| 202|0x00000000eca00000, 0x00000000ecb00000, 0x00000000ecb00000|100%| O|  |TAMS 0x00000000ecb00000, 0x00000000eca00000| Untracked 
| 203|0x00000000ecb00000, 0x00000000ecc00000, 0x00000000ecc00000|100%| S|CS|TAMS 0x00000000ecb00000, 0x00000000ecb00000| Complete 
| 204|0x00000000ecc00000, 0x00000000ecd00000, 0x00000000ecd00000|100%| S|CS|TAMS 0x00000000ecc00000, 0x00000000ecc00000| Complete 
| 205|0x00000000ecd00000, 0x00000000ece00000, 0x00000000ece00000|100%| O|  |TAMS 0x00000000ece00000, 0x00000000ecd00000| Untracked 
| 206|0x00000000ece00000, 0x00000000ecf00000, 0x00000000ecf00000|100%| S|CS|TAMS 0x00000000ece00000, 0x00000000ece00000| Complete 
| 207|0x00000000ecf00000, 0x00000000ed000000, 0x00000000ed000000|100%| S|CS|TAMS 0x00000000ecf00000, 0x00000000ecf00000| Complete 
| 208|0x00000000ed000000, 0x00000000ed000000, 0x00000000ed100000|  0%| F|  |TAMS 0x00000000ed000000, 0x00000000ed000000| Untracked 
| 209|0x00000000ed100000, 0x00000000ed100000, 0x00000000ed200000|  0%| F|  |TAMS 0x00000000ed100000, 0x00000000ed100000| Untracked 
| 210|0x00000000ed200000, 0x00000000ed200000, 0x00000000ed300000|  0%| F|  |TAMS 0x00000000ed200000, 0x00000000ed200000| Untracked 
| 211|0x00000000ed300000, 0x00000000ed300000, 0x00000000ed400000|  0%| F|  |TAMS 0x00000000ed300000, 0x00000000ed300000| Untracked 
| 212|0x00000000ed400000, 0x00000000ed400000, 0x00000000ed500000|  0%| F|  |TAMS 0x00000000ed400000, 0x00000000ed400000| Untracked 
| 213|0x00000000ed500000, 0x00000000ed500000, 0x00000000ed600000|  0%| F|  |TAMS 0x00000000ed500000, 0x00000000ed500000| Untracked 
| 214|0x00000000ed600000, 0x00000000ed600000, 0x00000000ed700000|  0%| F|  |TAMS 0x00000000ed600000, 0x00000000ed600000| Untracked 
| 215|0x00000000ed700000, 0x00000000ed700000, 0x00000000ed800000|  0%| F|  |TAMS 0x00000000ed700000, 0x00000000ed700000| Untracked 
| 216|0x00000000ed800000, 0x00000000ed800000, 0x00000000ed900000|  0%| F|  |TAMS 0x00000000ed800000, 0x00000000ed800000| Untracked 
| 217|0x00000000ed900000, 0x00000000ed900000, 0x00000000eda00000|  0%| F|  |TAMS 0x00000000ed900000, 0x00000000ed900000| Untracked 
| 218|0x00000000eda00000, 0x00000000eda00000, 0x00000000edb00000|  0%| F|  |TAMS 0x00000000eda00000, 0x00000000eda00000| Untracked 
| 219|0x00000000edb00000, 0x00000000edb00000, 0x00000000edc00000|  0%| F|  |TAMS 0x00000000edb00000, 0x00000000edb00000| Untracked 
| 220|0x00000000edc00000, 0x00000000edc00000, 0x00000000edd00000|  0%| F|  |TAMS 0x00000000edc00000, 0x00000000edc00000| Untracked 
| 221|0x00000000edd00000, 0x00000000edd00000, 0x00000000ede00000|  0%| F|  |TAMS 0x00000000edd00000, 0x00000000edd00000| Untracked 
| 222|0x00000000ede00000, 0x00000000ede00000, 0x00000000edf00000|  0%| F|  |TAMS 0x00000000ede00000, 0x00000000ede00000| Untracked 
| 223|0x00000000edf00000, 0x00000000edf00000, 0x00000000ee000000|  0%| F|  |TAMS 0x00000000edf00000, 0x00000000edf00000| Untracked 
| 224|0x00000000ee000000, 0x00000000ee000000, 0x00000000ee100000|  0%| F|  |TAMS 0x00000000ee000000, 0x00000000ee000000| Untracked 
| 225|0x00000000ee100000, 0x00000000ee100000, 0x00000000ee200000|  0%| F|  |TAMS 0x00000000ee100000, 0x00000000ee100000| Untracked 
| 226|0x00000000ee200000, 0x00000000ee200000, 0x00000000ee300000|  0%| F|  |TAMS 0x00000000ee200000, 0x00000000ee200000| Untracked 
| 227|0x00000000ee300000, 0x00000000ee300000, 0x00000000ee400000|  0%| F|  |TAMS 0x00000000ee300000, 0x00000000ee300000| Untracked 
| 228|0x00000000ee400000, 0x00000000ee400000, 0x00000000ee500000|  0%| F|  |TAMS 0x00000000ee400000, 0x00000000ee400000| Untracked 
| 229|0x00000000ee500000, 0x00000000ee500000, 0x00000000ee600000|  0%| F|  |TAMS 0x00000000ee500000, 0x00000000ee500000| Untracked 
| 230|0x00000000ee600000, 0x00000000ee700000, 0x00000000ee700000|100%| E|  |TAMS 0x00000000ee600000, 0x00000000ee600000| Complete 
| 231|0x00000000ee700000, 0x00000000ee800000, 0x00000000ee800000|100%| E|CS|TAMS 0x00000000ee700000, 0x00000000ee700000| Complete 
| 232|0x00000000ee800000, 0x00000000ee900000, 0x00000000ee900000|100%| E|CS|TAMS 0x00000000ee800000, 0x00000000ee800000| Complete 
| 233|0x00000000ee900000, 0x00000000eea00000, 0x00000000eea00000|100%| E|CS|TAMS 0x00000000ee900000, 0x00000000ee900000| Complete 
| 234|0x00000000eea00000, 0x00000000eeb00000, 0x00000000eeb00000|100%| E|CS|TAMS 0x00000000eea00000, 0x00000000eea00000| Complete 
| 235|0x00000000eeb00000, 0x00000000eec00000, 0x00000000eec00000|100%| E|CS|TAMS 0x00000000eeb00000, 0x00000000eeb00000| Complete 
| 236|0x00000000eec00000, 0x00000000eed00000, 0x00000000eed00000|100%| E|CS|TAMS 0x00000000eec00000, 0x00000000eec00000| Complete 
| 237|0x00000000eed00000, 0x00000000eee00000, 0x00000000eee00000|100%| E|CS|TAMS 0x00000000eed00000, 0x00000000eed00000| Complete 
| 238|0x00000000eee00000, 0x00000000eef00000, 0x00000000eef00000|100%| E|CS|TAMS 0x00000000eee00000, 0x00000000eee00000| Complete 
| 239|0x00000000eef00000, 0x00000000ef000000, 0x00000000ef000000|100%| E|CS|TAMS 0x00000000eef00000, 0x00000000eef00000| Complete 
| 240|0x00000000ef000000, 0x00000000ef100000, 0x00000000ef100000|100%| E|CS|TAMS 0x00000000ef000000, 0x00000000ef000000| Complete 
| 241|0x00000000ef100000, 0x00000000ef200000, 0x00000000ef200000|100%| E|CS|TAMS 0x00000000ef100000, 0x00000000ef100000| Complete 
| 242|0x00000000ef200000, 0x00000000ef300000, 0x00000000ef300000|100%| E|CS|TAMS 0x00000000ef200000, 0x00000000ef200000| Complete 
| 243|0x00000000ef300000, 0x00000000ef400000, 0x00000000ef400000|100%| E|CS|TAMS 0x00000000ef300000, 0x00000000ef300000| Complete 
| 244|0x00000000ef400000, 0x00000000ef500000, 0x00000000ef500000|100%| E|CS|TAMS 0x00000000ef400000, 0x00000000ef400000| Complete 
| 245|0x00000000ef500000, 0x00000000ef600000, 0x00000000ef600000|100%| E|CS|TAMS 0x00000000ef500000, 0x00000000ef500000| Complete 
| 246|0x00000000ef600000, 0x00000000ef700000, 0x00000000ef700000|100%| E|CS|TAMS 0x00000000ef600000, 0x00000000ef600000| Complete 
| 247|0x00000000ef700000, 0x00000000ef800000, 0x00000000ef800000|100%| E|CS|TAMS 0x00000000ef700000, 0x00000000ef700000| Complete 
| 248|0x00000000ef800000, 0x00000000ef900000, 0x00000000ef900000|100%| E|CS|TAMS 0x00000000ef800000, 0x00000000ef800000| Complete 
| 249|0x00000000ef900000, 0x00000000efa00000, 0x00000000efa00000|100%| E|CS|TAMS 0x00000000ef900000, 0x00000000ef900000| Complete 
| 250|0x00000000efa00000, 0x00000000efb00000, 0x00000000efb00000|100%| E|CS|TAMS 0x00000000efa00000, 0x00000000efa00000| Complete 
| 251|0x00000000efb00000, 0x00000000efc00000, 0x00000000efc00000|100%| E|CS|TAMS 0x00000000efb00000, 0x00000000efb00000| Complete 
| 252|0x00000000efc00000, 0x00000000efd00000, 0x00000000efd00000|100%| E|CS|TAMS 0x00000000efc00000, 0x00000000efc00000| Complete 
| 253|0x00000000efd00000, 0x00000000efe00000, 0x00000000efe00000|100%| E|CS|TAMS 0x00000000efd00000, 0x00000000efd00000| Complete 
| 254|0x00000000efe00000, 0x00000000eff00000, 0x00000000eff00000|100%| E|CS|TAMS 0x00000000efe00000, 0x00000000efe00000| Complete 
| 255|0x00000000eff00000, 0x00000000f0000000, 0x00000000f0000000|100%| E|CS|TAMS 0x00000000eff00000, 0x00000000eff00000| Complete 
| 256|0x00000000f0000000, 0x00000000f0100000, 0x00000000f0100000|100%| E|CS|TAMS 0x00000000f0000000, 0x00000000f0000000| Complete 
| 257|0x00000000f0100000, 0x00000000f0200000, 0x00000000f0200000|100%| E|CS|TAMS 0x00000000f0100000, 0x00000000f0100000| Complete 
| 258|0x00000000f0200000, 0x00000000f0300000, 0x00000000f0300000|100%| E|CS|TAMS 0x00000000f0200000, 0x00000000f0200000| Complete 
| 259|0x00000000f0300000, 0x00000000f0400000, 0x00000000f0400000|100%| E|CS|TAMS 0x00000000f0300000, 0x00000000f0300000| Complete 
| 260|0x00000000f0400000, 0x00000000f0500000, 0x00000000f0500000|100%| E|CS|TAMS 0x00000000f0400000, 0x00000000f0400000| Complete 
| 261|0x00000000f0500000, 0x00000000f0600000, 0x00000000f0600000|100%| E|CS|TAMS 0x00000000f0500000, 0x00000000f0500000| Complete 
| 262|0x00000000f0600000, 0x00000000f0700000, 0x00000000f0700000|100%| E|CS|TAMS 0x00000000f0600000, 0x00000000f0600000| Complete 
| 263|0x00000000f0700000, 0x00000000f0800000, 0x00000000f0800000|100%| E|CS|TAMS 0x00000000f0700000, 0x00000000f0700000| Complete 
| 264|0x00000000f0800000, 0x00000000f0900000, 0x00000000f0900000|100%| E|CS|TAMS 0x00000000f0800000, 0x00000000f0800000| Complete 
| 265|0x00000000f0900000, 0x00000000f0a00000, 0x00000000f0a00000|100%| E|CS|TAMS 0x00000000f0900000, 0x00000000f0900000| Complete 
| 266|0x00000000f0a00000, 0x00000000f0b00000, 0x00000000f0b00000|100%| E|CS|TAMS 0x00000000f0a00000, 0x00000000f0a00000| Complete 
| 267|0x00000000f0b00000, 0x00000000f0c00000, 0x00000000f0c00000|100%| E|CS|TAMS 0x00000000f0b00000, 0x00000000f0b00000| Complete 
| 268|0x00000000f0c00000, 0x00000000f0d00000, 0x00000000f0d00000|100%| E|CS|TAMS 0x00000000f0c00000, 0x00000000f0c00000| Complete 
| 269|0x00000000f0d00000, 0x00000000f0e00000, 0x00000000f0e00000|100%| E|CS|TAMS 0x00000000f0d00000, 0x00000000f0d00000| Complete 
| 270|0x00000000f0e00000, 0x00000000f0f00000, 0x00000000f0f00000|100%| E|CS|TAMS 0x00000000f0e00000, 0x00000000f0e00000| Complete 
| 271|0x00000000f0f00000, 0x00000000f1000000, 0x00000000f1000000|100%| E|CS|TAMS 0x00000000f0f00000, 0x00000000f0f00000| Complete 
| 272|0x00000000f1000000, 0x00000000f1100000, 0x00000000f1100000|100%| E|CS|TAMS 0x00000000f1000000, 0x00000000f1000000| Complete 
| 273|0x00000000f1100000, 0x00000000f1200000, 0x00000000f1200000|100%| E|CS|TAMS 0x00000000f1100000, 0x00000000f1100000| Complete 
| 274|0x00000000f1200000, 0x00000000f1300000, 0x00000000f1300000|100%| E|CS|TAMS 0x00000000f1200000, 0x00000000f1200000| Complete 
| 275|0x00000000f1300000, 0x00000000f1400000, 0x00000000f1400000|100%| E|CS|TAMS 0x00000000f1300000, 0x00000000f1300000| Complete 
| 276|0x00000000f1400000, 0x00000000f1500000, 0x00000000f1500000|100%| E|CS|TAMS 0x00000000f1400000, 0x00000000f1400000| Complete 
| 277|0x00000000f1500000, 0x00000000f1600000, 0x00000000f1600000|100%| E|CS|TAMS 0x00000000f1500000, 0x00000000f1500000| Complete 
| 278|0x00000000f1600000, 0x00000000f1700000, 0x00000000f1700000|100%| E|CS|TAMS 0x00000000f1600000, 0x00000000f1600000| Complete 
| 279|0x00000000f1700000, 0x00000000f1800000, 0x00000000f1800000|100%| E|CS|TAMS 0x00000000f1700000, 0x00000000f1700000| Complete 
| 280|0x00000000f1800000, 0x00000000f1900000, 0x00000000f1900000|100%| E|CS|TAMS 0x00000000f1800000, 0x00000000f1800000| Complete 
| 281|0x00000000f1900000, 0x00000000f1a00000, 0x00000000f1a00000|100%| E|CS|TAMS 0x00000000f1900000, 0x00000000f1900000| Complete 
| 282|0x00000000f1a00000, 0x00000000f1b00000, 0x00000000f1b00000|100%| E|CS|TAMS 0x00000000f1a00000, 0x00000000f1a00000| Complete 
| 283|0x00000000f1b00000, 0x00000000f1c00000, 0x00000000f1c00000|100%| E|CS|TAMS 0x00000000f1b00000, 0x00000000f1b00000| Complete 
| 284|0x00000000f1c00000, 0x00000000f1d00000, 0x00000000f1d00000|100%| E|CS|TAMS 0x00000000f1c00000, 0x00000000f1c00000| Complete 
| 285|0x00000000f1d00000, 0x00000000f1e00000, 0x00000000f1e00000|100%| E|CS|TAMS 0x00000000f1d00000, 0x00000000f1d00000| Complete 
| 286|0x00000000f1e00000, 0x00000000f1f00000, 0x00000000f1f00000|100%| E|CS|TAMS 0x00000000f1e00000, 0x00000000f1e00000| Complete 
| 287|0x00000000f1f00000, 0x00000000f2000000, 0x00000000f2000000|100%| E|CS|TAMS 0x00000000f1f00000, 0x00000000f1f00000| Complete 
| 288|0x00000000f2000000, 0x00000000f2100000, 0x00000000f2100000|100%| E|CS|TAMS 0x00000000f2000000, 0x00000000f2000000| Complete 
| 289|0x00000000f2100000, 0x00000000f2200000, 0x00000000f2200000|100%| E|CS|TAMS 0x00000000f2100000, 0x00000000f2100000| Complete 
| 290|0x00000000f2200000, 0x00000000f2300000, 0x00000000f2300000|100%| E|CS|TAMS 0x00000000f2200000, 0x00000000f2200000| Complete 
| 291|0x00000000f2300000, 0x00000000f2400000, 0x00000000f2400000|100%| E|CS|TAMS 0x00000000f2300000, 0x00000000f2300000| Complete 
| 292|0x00000000f2400000, 0x00000000f2500000, 0x00000000f2500000|100%| E|CS|TAMS 0x00000000f2400000, 0x00000000f2400000| Complete 
| 293|0x00000000f2500000, 0x00000000f2600000, 0x00000000f2600000|100%| E|CS|TAMS 0x00000000f2500000, 0x00000000f2500000| Complete 
| 294|0x00000000f2600000, 0x00000000f2700000, 0x00000000f2700000|100%| E|CS|TAMS 0x00000000f2600000, 0x00000000f2600000| Complete 
| 295|0x00000000f2700000, 0x00000000f2800000, 0x00000000f2800000|100%| E|CS|TAMS 0x00000000f2700000, 0x00000000f2700000| Complete 
| 296|0x00000000f2800000, 0x00000000f2900000, 0x00000000f2900000|100%| E|CS|TAMS 0x00000000f2800000, 0x00000000f2800000| Complete 
| 297|0x00000000f2900000, 0x00000000f2a00000, 0x00000000f2a00000|100%| E|CS|TAMS 0x00000000f2900000, 0x00000000f2900000| Complete 
| 298|0x00000000f2a00000, 0x00000000f2b00000, 0x00000000f2b00000|100%| E|CS|TAMS 0x00000000f2a00000, 0x00000000f2a00000| Complete 
| 299|0x00000000f2b00000, 0x00000000f2c00000, 0x00000000f2c00000|100%| E|CS|TAMS 0x00000000f2b00000, 0x00000000f2b00000| Complete 
| 300|0x00000000f2c00000, 0x00000000f2d00000, 0x00000000f2d00000|100%| E|CS|TAMS 0x00000000f2c00000, 0x00000000f2c00000| Complete 
| 301|0x00000000f2d00000, 0x00000000f2e00000, 0x00000000f2e00000|100%| E|CS|TAMS 0x00000000f2d00000, 0x00000000f2d00000| Complete 
| 302|0x00000000f2e00000, 0x00000000f2f00000, 0x00000000f2f00000|100%| E|CS|TAMS 0x00000000f2e00000, 0x00000000f2e00000| Complete 
| 303|0x00000000f2f00000, 0x00000000f3000000, 0x00000000f3000000|100%| E|CS|TAMS 0x00000000f2f00000, 0x00000000f2f00000| Complete 
| 304|0x00000000f3000000, 0x00000000f3100000, 0x00000000f3100000|100%| E|CS|TAMS 0x00000000f3000000, 0x00000000f3000000| Complete 
| 305|0x00000000f3100000, 0x00000000f3200000, 0x00000000f3200000|100%| E|CS|TAMS 0x00000000f3100000, 0x00000000f3100000| Complete 
| 306|0x00000000f3200000, 0x00000000f3300000, 0x00000000f3300000|100%| E|CS|TAMS 0x00000000f3200000, 0x00000000f3200000| Complete 
| 307|0x00000000f3300000, 0x00000000f3400000, 0x00000000f3400000|100%| E|CS|TAMS 0x00000000f3300000, 0x00000000f3300000| Complete 
| 308|0x00000000f3400000, 0x00000000f3500000, 0x00000000f3500000|100%| E|CS|TAMS 0x00000000f3400000, 0x00000000f3400000| Complete 
| 309|0x00000000f3500000, 0x00000000f3600000, 0x00000000f3600000|100%| E|CS|TAMS 0x00000000f3500000, 0x00000000f3500000| Complete 
| 310|0x00000000f3600000, 0x00000000f3700000, 0x00000000f3700000|100%| E|CS|TAMS 0x00000000f3600000, 0x00000000f3600000| Complete 
| 311|0x00000000f3700000, 0x00000000f3800000, 0x00000000f3800000|100%| E|CS|TAMS 0x00000000f3700000, 0x00000000f3700000| Complete 
| 312|0x00000000f3800000, 0x00000000f3900000, 0x00000000f3900000|100%| E|CS|TAMS 0x00000000f3800000, 0x00000000f3800000| Complete 
| 313|0x00000000f3900000, 0x00000000f3a00000, 0x00000000f3a00000|100%| E|CS|TAMS 0x00000000f3900000, 0x00000000f3900000| Complete 
| 314|0x00000000f3a00000, 0x00000000f3b00000, 0x00000000f3b00000|100%| E|CS|TAMS 0x00000000f3a00000, 0x00000000f3a00000| Complete 
| 315|0x00000000f3b00000, 0x00000000f3c00000, 0x00000000f3c00000|100%| E|CS|TAMS 0x00000000f3b00000, 0x00000000f3b00000| Complete 
| 316|0x00000000f3c00000, 0x00000000f3d00000, 0x00000000f3d00000|100%| E|CS|TAMS 0x00000000f3c00000, 0x00000000f3c00000| Complete 
| 317|0x00000000f3d00000, 0x00000000f3e00000, 0x00000000f3e00000|100%| E|CS|TAMS 0x00000000f3d00000, 0x00000000f3d00000| Complete 
| 318|0x00000000f3e00000, 0x00000000f3f00000, 0x00000000f3f00000|100%| E|CS|TAMS 0x00000000f3e00000, 0x00000000f3e00000| Complete 
| 319|0x00000000f3f00000, 0x00000000f4000000, 0x00000000f4000000|100%| E|CS|TAMS 0x00000000f3f00000, 0x00000000f3f00000| Complete 
| 320|0x00000000f4000000, 0x00000000f4100000, 0x00000000f4100000|100%| E|CS|TAMS 0x00000000f4000000, 0x00000000f4000000| Complete 
| 321|0x00000000f4100000, 0x00000000f4200000, 0x00000000f4200000|100%| E|CS|TAMS 0x00000000f4100000, 0x00000000f4100000| Complete 
| 322|0x00000000f4200000, 0x00000000f4300000, 0x00000000f4300000|100%| E|CS|TAMS 0x00000000f4200000, 0x00000000f4200000| Complete 
| 323|0x00000000f4300000, 0x00000000f4400000, 0x00000000f4400000|100%| E|CS|TAMS 0x00000000f4300000, 0x00000000f4300000| Complete 
| 324|0x00000000f4400000, 0x00000000f4500000, 0x00000000f4500000|100%| E|CS|TAMS 0x00000000f4400000, 0x00000000f4400000| Complete 
| 325|0x00000000f4500000, 0x00000000f4600000, 0x00000000f4600000|100%| E|CS|TAMS 0x00000000f4500000, 0x00000000f4500000| Complete 
| 326|0x00000000f4600000, 0x00000000f4700000, 0x00000000f4700000|100%| E|CS|TAMS 0x00000000f4600000, 0x00000000f4600000| Complete 
| 327|0x00000000f4700000, 0x00000000f4800000, 0x00000000f4800000|100%| E|CS|TAMS 0x00000000f4700000, 0x00000000f4700000| Complete 
| 328|0x00000000f4800000, 0x00000000f4900000, 0x00000000f4900000|100%| E|CS|TAMS 0x00000000f4800000, 0x00000000f4800000| Complete 
| 329|0x00000000f4900000, 0x00000000f4a00000, 0x00000000f4a00000|100%| E|CS|TAMS 0x00000000f4900000, 0x00000000f4900000| Complete 
| 330|0x00000000f4a00000, 0x00000000f4b00000, 0x00000000f4b00000|100%| E|CS|TAMS 0x00000000f4a00000, 0x00000000f4a00000| Complete 
| 331|0x00000000f4b00000, 0x00000000f4c00000, 0x00000000f4c00000|100%| E|CS|TAMS 0x00000000f4b00000, 0x00000000f4b00000| Complete 
| 332|0x00000000f4c00000, 0x00000000f4d00000, 0x00000000f4d00000|100%| E|CS|TAMS 0x00000000f4c00000, 0x00000000f4c00000| Complete 
| 333|0x00000000f4d00000, 0x00000000f4e00000, 0x00000000f4e00000|100%| E|CS|TAMS 0x00000000f4d00000, 0x00000000f4d00000| Complete 
| 334|0x00000000f4e00000, 0x00000000f4f00000, 0x00000000f4f00000|100%| E|CS|TAMS 0x00000000f4e00000, 0x00000000f4e00000| Complete 
| 335|0x00000000f4f00000, 0x00000000f5000000, 0x00000000f5000000|100%| E|CS|TAMS 0x00000000f4f00000, 0x00000000f4f00000| Complete 
| 336|0x00000000f5000000, 0x00000000f5100000, 0x00000000f5100000|100%| E|CS|TAMS 0x00000000f5000000, 0x00000000f5000000| Complete 
| 337|0x00000000f5100000, 0x00000000f5200000, 0x00000000f5200000|100%| E|CS|TAMS 0x00000000f5100000, 0x00000000f5100000| Complete 
| 338|0x00000000f5200000, 0x00000000f5300000, 0x00000000f5300000|100%| E|CS|TAMS 0x00000000f5200000, 0x00000000f5200000| Complete 
| 339|0x00000000f5300000, 0x00000000f5400000, 0x00000000f5400000|100%| E|CS|TAMS 0x00000000f5300000, 0x00000000f5300000| Complete 
| 340|0x00000000f5400000, 0x00000000f5500000, 0x00000000f5500000|100%| E|CS|TAMS 0x00000000f5400000, 0x00000000f5400000| Complete 
| 341|0x00000000f5500000, 0x00000000f5600000, 0x00000000f5600000|100%| E|CS|TAMS 0x00000000f5500000, 0x00000000f5500000| Complete 

Card table byte_map: [0x0000022ff3150000,0x0000022ff3250000] _byte_map_base: 0x0000022ff2a50000

Marking Bits (Prev, Next): (CMBitMap*) 0x0000022fe9052650, (CMBitMap*) 0x0000022fe9052610
 Prev Bits: [0x0000022ff3b50000, 0x0000022ff4350000)
 Next Bits: [0x0000022ff3350000, 0x0000022ff3b50000)

Polling page: 0x0000022fe9100000

Metaspace:

Usage:
  Non-class:    107.28 MB capacity,   105.22 MB ( 98%) used,     1.83 MB (  2%) free+waste,   233.62 KB ( <1%) overhead. 
      Class:     14.73 MB capacity,    13.88 MB ( 94%) used,   774.53 KB (  5%) free+waste,    95.69 KB ( <1%) overhead. 
       Both:    122.01 MB capacity,   119.11 MB ( 98%) used,     2.59 MB (  2%) free+waste,   329.31 KB ( <1%) overhead. 

Virtual space:
  Non-class space:      108.00 MB reserved,     107.40 MB (>99%) committed 
      Class space:      248.00 MB reserved,      14.75 MB (  6%) committed 
             Both:      356.00 MB reserved,     122.15 MB ( 34%) committed 

Chunk freelists:
   Non-Class:  3.00 KB
       Class:  20.00 KB
        Both:  23.00 KB

MaxMetaspaceSize: 256.00 MB
CompressedClassSpaceSize: 248.00 MB

CodeHeap 'non-profiled nmethods': size=120000Kb used=27811Kb max_used=28209Kb free=92188Kb
 bounds [0x0000022f87ad0000, 0x0000022f89660000, 0x0000022f8f000000]
CodeHeap 'profiled nmethods': size=120000Kb used=53271Kb max_used=53615Kb free=66728Kb
 bounds [0x0000022f805a0000, 0x0000022f83b70000, 0x0000022f87ad0000]
CodeHeap 'non-nmethods': size=5760Kb used=2570Kb max_used=2708Kb free=3190Kb
 bounds [0x0000022f80000000, 0x0000022f802c0000, 0x0000022f805a0000]
 total_blobs=27392 nmethods=26366 adapters=934
 compilation: enabled
              stopped_count=0, restarted_count=0
 full_count=0

Compilation events (20 events):
Event: 7375.304 Thread 0x0000022ff6965650 35378       2       com.android.tools.r8.ir.code.r::r (2 bytes)
Event: 7375.304 Thread 0x0000022ff6965650 nmethod 35378 0x0000022f83700490 code [0x0000022f83700620, 0x0000022f83700718]
Event: 7375.317 Thread 0x0000022ff6965650 35379       2       com.android.tools.r8.ir.conversion.U::<init> (46 bytes)
Event: 7375.317 Thread 0x0000022ff6965650 nmethod 35379 0x0000022f82923c10 code [0x0000022f82923de0, 0x0000022f82924268]
Event: 7375.319 Thread 0x0000022ff6965650 35380       2       com.android.tools.r8.ir.code.r::a (224 bytes)
Event: 7375.320 Thread 0x0000022ff6965650 nmethod 35380 0x0000022f83461890 code [0x0000022f83461b00, 0x0000022f83462118]
Event: 7375.413 Thread 0x0000022ff6965650 35383       3       java.util.TimSort::mergeLo (659 bytes)
Event: 7375.416 Thread 0x0000022ff6965650 nmethod 35383 0x0000022f82f1dd10 code [0x0000022f82f1e080, 0x0000022f82f205f8]
Event: 7375.419 Thread 0x0000022ff6965650 35384       2       com.android.tools.r8.graph.DexDebugEvent$b::hashCode (10 bytes)
Event: 7375.420 Thread 0x0000022ff6965650 nmethod 35384 0x0000022f83721110 code [0x0000022f837212a0, 0x0000022f83721398]
Event: 7375.433 Thread 0x0000022ff6965650 35390       3       com.android.tools.r8.n.a.a.a.h.N::containsKey (80 bytes)
Event: 7375.433 Thread 0x0000022ff6965650 nmethod 35390 0x0000022f82ca9b90 code [0x0000022f82ca9d80, 0x0000022f82caa3c8]
Event: 7375.437 Thread 0x0000022ff6965650 35391 % !   3       com.android.tools.r8.dex.c::b @ 191 (2274 bytes)
Event: 7375.489 Thread 0x0000022ff6965650 nmethod 35391% 0x0000022f83b40e10 code [0x0000022f83b43560, 0x0000022f83b5c618]
Event: 7375.490 Thread 0x0000022ff6965650 35392       2       com.android.tools.r8.n.a.a.a.h.w::<init> (5 bytes)
Event: 7375.491 Thread 0x0000022ff6965650 nmethod 35392 0x0000022f837be090 code [0x0000022f837be220, 0x0000022f837be318]
Event: 7375.513 Thread 0x0000022ff6965650 35393       2       com.android.tools.r8.code.g0::hashCode (21 bytes)
Event: 7375.514 Thread 0x0000022ff6965650 nmethod 35393 0x0000022f83437a10 code [0x0000022f83437ba0, 0x0000022f83437ce8]
Event: 7375.551 Thread 0x0000022ff6965650 35397       3       com.android.tools.r8.ir.conversion.IRConverter::c (98 bytes)
Event: 7375.552 Thread 0x0000022ff6965650 nmethod 35397 0x0000022f83420810 code [0x0000022f83420aa0, 0x0000022f83421588]

GC Heap History (20 events):
Event: 7365.037 GC heap before
{Heap before GC invocations=130 (full 0):
 garbage-first heap   total 350208K, used 293348K [0x00000000e0000000, 0x0000000100000000)
  region size 1024K, 131 young (134144K), 11 survivors (11264K)
 Metaspace       used 121764K, capacity 124743K, committed 124828K, reserved 364544K
  class space    used 14194K, capacity 15083K, committed 15104K, reserved 253952K
}
Event: 7365.052 GC heap after
{Heap after GC invocations=131 (full 0):
 garbage-first heap   total 350208K, used 171321K [0x00000000e0000000, 0x0000000100000000)
  region size 1024K, 7 young (7168K), 7 survivors (7168K)
 Metaspace       used 121764K, capacity 124743K, committed 124828K, reserved 364544K
  class space    used 14194K, capacity 15083K, committed 15104K, reserved 253952K
}
Event: 7366.810 GC heap before
{Heap before GC invocations=132 (full 0):
 garbage-first heap   total 350208K, used 296249K [0x00000000e0000000, 0x0000000100000000)
  region size 1024K, 129 young (132096K), 7 survivors (7168K)
 Metaspace       used 121774K, capacity 124743K, committed 124828K, reserved 364544K
  class space    used 14194K, capacity 15083K, committed 15104K, reserved 253952K
}
Event: 7367.503 GC heap after
{Heap after GC invocations=133 (full 0):
 garbage-first heap   total 350208K, used 172855K [0x00000000e0000000, 0x0000000100000000)
  region size 1024K, 8 young (8192K), 8 survivors (8192K)
 Metaspace       used 121774K, capacity 124743K, committed 124828K, reserved 364544K
  class space    used 14194K, capacity 15083K, committed 15104K, reserved 253952K
}
Event: 7367.654 GC heap before
{Heap before GC invocations=133 (full 0):
 garbage-first heap   total 350208K, used 182071K [0x00000000e0000000, 0x0000000100000000)
  region size 1024K, 17 young (17408K), 8 survivors (8192K)
 Metaspace       used 121774K, capacity 124743K, committed 124828K, reserved 364544K
  class space    used 14194K, capacity 15083K, committed 15104K, reserved 253952K
}
Event: 7367.676 GC heap after
{Heap after GC invocations=134 (full 0):
 garbage-first heap   total 350208K, used 169872K [0x00000000e0000000, 0x0000000100000000)
  region size 1024K, 2 young (2048K), 2 survivors (2048K)
 Metaspace       used 121774K, capacity 124743K, committed 124828K, reserved 364544K
  class space    used 14194K, capacity 15083K, committed 15104K, reserved 253952K
}
Event: 7367.786 GC heap before
{Heap before GC invocations=134 (full 0):
 garbage-first heap   total 350208K, used 185232K [0x00000000e0000000, 0x0000000100000000)
  region size 1024K, 17 young (17408K), 2 survivors (2048K)
 Metaspace       used 121776K, capacity 124743K, committed 124828K, reserved 364544K
  class space    used 14194K, capacity 15083K, committed 15104K, reserved 253952K
}
Event: 7367.804 GC heap after
{Heap after GC invocations=135 (full 0):
 garbage-first heap   total 350208K, used 169624K [0x00000000e0000000, 0x0000000100000000)
  region size 1024K, 2 young (2048K), 2 survivors (2048K)
 Metaspace       used 121776K, capacity 124743K, committed 124828K, reserved 364544K
  class space    used 14194K, capacity 15083K, committed 15104K, reserved 253952K
}
Event: 7367.933 GC heap before
{Heap before GC invocations=135 (full 0):
 garbage-first heap   total 350208K, used 184984K [0x00000000e0000000, 0x0000000100000000)
  region size 1024K, 17 young (17408K), 2 survivors (2048K)
 Metaspace       used 121776K, capacity 124743K, committed 124828K, reserved 364544K
  class space    used 14194K, capacity 15083K, committed 15104K, reserved 253952K
}
Event: 7367.937 GC heap after
{Heap after GC invocations=136 (full 0):
 garbage-first heap   total 350208K, used 169761K [0x00000000e0000000, 0x0000000100000000)
  region size 1024K, 2 young (2048K), 2 survivors (2048K)
 Metaspace       used 121776K, capacity 124743K, committed 124828K, reserved 364544K
  class space    used 14194K, capacity 15083K, committed 15104K, reserved 253952K
}
Event: 7369.372 GC heap before
{Heap before GC invocations=137 (full 0):
 garbage-first heap   total 350208K, used 291617K [0x00000000e0000000, 0x0000000100000000)
  region size 1024K, 121 young (123904K), 2 survivors (2048K)
 Metaspace       used 121783K, capacity 124743K, committed 124828K, reserved 364544K
  class space    used 14194K, capacity 15083K, committed 15104K, reserved 253952K
}
Event: 7369.382 GC heap after
{Heap after GC invocations=138 (full 0):
 garbage-first heap   total 350208K, used 172295K [0x00000000e0000000, 0x0000000100000000)
  region size 1024K, 5 young (5120K), 5 survivors (5120K)
 Metaspace       used 121783K, capacity 124743K, committed 124828K, reserved 364544K
  class space    used 14194K, capacity 15083K, committed 15104K, reserved 253952K
}
Event: 7369.469 GC heap before
{Heap before GC invocations=138 (full 0):
 garbage-first heap   total 350208K, used 184583K [0x00000000e0000000, 0x0000000100000000)
  region size 1024K, 17 young (17408K), 5 survivors (5120K)
 Metaspace       used 121783K, capacity 124743K, committed 124828K, reserved 364544K
  class space    used 14194K, capacity 15083K, committed 15104K, reserved 253952K
}
Event: 7369.536 GC heap after
{Heap after GC invocations=139 (full 0):
 garbage-first heap   total 350208K, used 160085K [0x00000000e0000000, 0x0000000100000000)
  region size 1024K, 2 young (2048K), 2 survivors (2048K)
 Metaspace       used 121783K, capacity 124743K, committed 124828K, reserved 364544K
  class space    used 14194K, capacity 15083K, committed 15104K, reserved 253952K
}
Event: 7370.609 GC heap before
{Heap before GC invocations=139 (full 0):
 garbage-first heap   total 350208K, used 292181K [0x00000000e0000000, 0x0000000100000000)
  region size 1024K, 131 young (134144K), 2 survivors (2048K)
 Metaspace       used 121784K, capacity 124743K, committed 124828K, reserved 364544K
  class space    used 14194K, capacity 15083K, committed 15104K, reserved 253952K
}
Event: 7370.626 GC heap after
{Heap after GC invocations=140 (full 0):
 garbage-first heap   total 350208K, used 164191K [0x00000000e0000000, 0x0000000100000000)
  region size 1024K, 6 young (6144K), 6 survivors (6144K)
 Metaspace       used 121784K, capacity 124743K, committed 124828K, reserved 364544K
  class space    used 14194K, capacity 15083K, committed 15104K, reserved 253952K
}
Event: 7372.347 GC heap before
{Heap before GC invocations=141 (full 0):
 garbage-first heap   total 350208K, used 251231K [0x00000000e0000000, 0x0000000100000000)
  region size 1024K, 92 young (94208K), 6 survivors (6144K)
 Metaspace       used 121851K, capacity 124807K, committed 124828K, reserved 364544K
  class space    used 14194K, capacity 15083K, committed 15104K, reserved 253952K
}
Event: 7372.362 GC heap after
{Heap after GC invocations=142 (full 0):
 garbage-first heap   total 350208K, used 166213K [0x00000000e0000000, 0x0000000100000000)
  region size 1024K, 8 young (8192K), 8 survivors (8192K)
 Metaspace       used 121851K, capacity 124807K, committed 124828K, reserved 364544K
  class space    used 14194K, capacity 15083K, committed 15104K, reserved 253952K
}
Event: 7375.002 GC heap before
{Heap before GC invocations=143 (full 0):
 garbage-first heap   total 350208K, used 295237K [0x00000000e0000000, 0x0000000100000000)
  region size 1024K, 134 young (137216K), 8 survivors (8192K)
 Metaspace       used 121946K, capacity 124935K, committed 125084K, reserved 364544K
  class space    used 14213K, capacity 15083K, committed 15104K, reserved 253952K
}
Event: 7375.022 GC heap after
{Heap after GC invocations=144 (full 0):
 garbage-first heap   total 350208K, used 168527K [0x00000000e0000000, 0x0000000100000000)
  region size 1024K, 10 young (10240K), 10 survivors (10240K)
 Metaspace       used 121946K, capacity 124935K, committed 125084K, reserved 364544K
  class space    used 14213K, capacity 15083K, committed 15104K, reserved 253952K
}

Deoptimization events (20 events):
Event: 7375.417 Thread 0x0000022ff876cfe0 DEOPT PACKING pc=0x0000022f8294cd89 sp=0x0000004dc2cfc410
Event: 7375.417 Thread 0x0000022ff876cfe0 DEOPT UNPACKING pc=0x0000022f8004e23f sp=0x0000004dc2cfb900 mode 0
Event: 7375.418 Thread 0x0000022ff876cfe0 DEOPT PACKING pc=0x0000022f82f20268 sp=0x0000004dc2cfc420
Event: 7375.418 Thread 0x0000022ff876cfe0 DEOPT UNPACKING pc=0x0000022f8004e23f sp=0x0000004dc2cfb908 mode 0
Event: 7375.436 Thread 0x0000022ff876cfe0 DEOPT PACKING pc=0x0000022f82e1f30e sp=0x0000004dc2cfc170
Event: 7375.437 Thread 0x0000022ff876cfe0 DEOPT UNPACKING pc=0x0000022f8004e23f sp=0x0000004dc2cfb630 mode 0
Event: 7375.446 Thread 0x0000022ff876cfe0 DEOPT PACKING pc=0x0000022f81915f26 sp=0x0000004dc2cfbe60
Event: 7375.446 Thread 0x0000022ff876cfe0 DEOPT UNPACKING pc=0x0000022f8004e23f sp=0x0000004dc2cfb328 mode 0
Event: 7375.519 Thread 0x0000022ffd165880 DEOPT PACKING pc=0x0000022f83a5f1fb sp=0x0000004dc30fbb60
Event: 7375.519 Thread 0x0000022ffd165880 DEOPT UNPACKING pc=0x0000022f8004e23f sp=0x0000004dc30fb1b0 mode 0
Event: 7375.521 Thread 0x0000022ffd165880 DEOPT PACKING pc=0x0000022f83b13947 sp=0x0000004dc30fb950
Event: 7375.521 Thread 0x0000022ffd165880 DEOPT UNPACKING pc=0x0000022f8004e23f sp=0x0000004dc30fb138 mode 0
Event: 7375.521 Thread 0x0000022ffd165880 DEOPT PACKING pc=0x0000022f839fda87 sp=0x0000004dc30fb690
Event: 7375.521 Thread 0x0000022ffd165880 DEOPT UNPACKING pc=0x0000022f8004e23f sp=0x0000004dc30fadb8 mode 0
Event: 7375.544 Thread 0x0000022ff9e48b30 DEOPT PACKING pc=0x0000022f83b13947 sp=0x0000004dc12f8d90
Event: 7375.544 Thread 0x0000022ff9e48b30 DEOPT UNPACKING pc=0x0000022f8004e23f sp=0x0000004dc12f8578 mode 0
Event: 7375.553 Thread 0x0000022ff9e48b30 DEOPT PACKING pc=0x0000022f83a985bf sp=0x0000004dc12f8f70
Event: 7375.553 Thread 0x0000022ff9e48b30 DEOPT UNPACKING pc=0x0000022f8004e23f sp=0x0000004dc12f8598 mode 0
Event: 7375.562 Thread 0x0000022ffd165880 DEOPT PACKING pc=0x0000022f80ab98d8 sp=0x0000004dc30fbd20
Event: 7375.562 Thread 0x0000022ffd165880 DEOPT UNPACKING pc=0x0000022f8004e23f sp=0x0000004dc30fb298 mode 0

Classes unloaded (20 events):
Event: 7196.631 Thread 0x0000022ff6939750 Unloading class 0x000000080113d840 'jdk/internal/reflect/GeneratedSerializationConstructorAccessor92'
Event: 7196.631 Thread 0x0000022ff6939750 Unloading class 0x000000080113ac40 'jdk/internal/reflect/GeneratedSerializationConstructorAccessor91'
Event: 7196.631 Thread 0x0000022ff6939750 Unloading class 0x000000080113a840 'jdk/internal/reflect/GeneratedSerializationConstructorAccessor90'
Event: 7196.631 Thread 0x0000022ff6939750 Unloading class 0x000000080118cc40 'jdk/internal/reflect/GeneratedSerializationConstructorAccessor89'
Event: 7196.631 Thread 0x0000022ff6939750 Unloading class 0x000000080118c840 'jdk/internal/reflect/GeneratedSerializationConstructorAccessor88'
Event: 7196.631 Thread 0x0000022ff6939750 Unloading class 0x0000000801385440 'jdk/internal/reflect/GeneratedSerializationConstructorAccessor87'
Event: 7196.631 Thread 0x0000022ff6939750 Unloading class 0x0000000801385040 'jdk/internal/reflect/GeneratedSerializationConstructorAccessor86'
Event: 7196.631 Thread 0x0000022ff6939750 Unloading class 0x00000008015e8440 'jdk/internal/reflect/GeneratedSerializationConstructorAccessor85'
Event: 7196.631 Thread 0x0000022ff6939750 Unloading class 0x0000000801053440 'jdk/internal/reflect/GeneratedSerializationConstructorAccessor84'
Event: 7196.631 Thread 0x0000022ff6939750 Unloading class 0x0000000801057040 'jdk/internal/reflect/GeneratedSerializationConstructorAccessor83'
Event: 7196.631 Thread 0x0000022ff6939750 Unloading class 0x0000000801057c40 'jdk/internal/reflect/GeneratedSerializationConstructorAccessor82'
Event: 7196.631 Thread 0x0000022ff6939750 Unloading class 0x0000000800ca9040 'jdk/internal/reflect/GeneratedSerializationConstructorAccessor81'
Event: 7196.631 Thread 0x0000022ff6939750 Unloading class 0x0000000800ca9c40 'jdk/internal/reflect/GeneratedSerializationConstructorAccessor80'
Event: 7196.631 Thread 0x0000022ff6939750 Unloading class 0x0000000800de8c40 'jdk/internal/reflect/GeneratedSerializationConstructorAccessor79'
Event: 7196.631 Thread 0x0000022ff6939750 Unloading class 0x0000000801622040 'jdk/internal/reflect/GeneratedSerializationConstructorAccessor78'
Event: 7196.631 Thread 0x0000022ff6939750 Unloading class 0x00000008015f7c40 'jdk/internal/reflect/GeneratedSerializationConstructorAccessor77'
Event: 7196.631 Thread 0x0000022ff6939750 Unloading class 0x00000008015f5840 'jdk/internal/reflect/GeneratedSerializationConstructorAccessor76'
Event: 7346.487 Thread 0x0000022ff6939750 Unloading class 0x000000080194f440 'java/lang/invoke/LambdaForm$DMH+0x000000080194f440'
Event: 7346.487 Thread 0x0000022ff6939750 Unloading class 0x000000080194fc40 'java/lang/invoke/LambdaForm$DMH+0x000000080194fc40'
Event: 7346.487 Thread 0x0000022ff6939750 Unloading class 0x0000000801948440 'java/lang/invoke/LambdaForm$DMH+0x0000000801948440'

Classes redefined (0 events):
No events

Internal exceptions (20 events):
Event: 7352.852 Thread 0x0000022ff9e48b30 Exception <a 'sun/nio/fs/WindowsException'{0x00000000f1b6fa50}> (0x00000000f1b6fa50) 
thrown [./open/src/hotspot/share/prims/jni.cpp, line 578]
Event: 7353.309 Thread 0x0000022ffd7d7b50 Implicit null exception at 0x0000022f87d78740 to 0x0000022f87d7e310
Event: 7354.590 Thread 0x0000022ffd165880 Exception <a 'sun/nio/fs/WindowsException'{0x00000000f040a3d0}> (0x00000000f040a3d0) 
thrown [./open/src/hotspot/share/prims/jni.cpp, line 578]
Event: 7354.769 Thread 0x0000022ffd165880 Exception <a 'sun/nio/fs/WindowsException'{0x00000000eea7fab8}> (0x00000000eea7fab8) 
thrown [./open/src/hotspot/share/prims/jni.cpp, line 578]
Event: 7354.811 Thread 0x0000022ff876d4b0 Exception <a 'sun/nio/fs/WindowsException'{0x00000000ee4f5bd8}> (0x00000000ee4f5bd8) 
thrown [./open/src/hotspot/share/prims/jni.cpp, line 578]
Event: 7355.158 Thread 0x0000022ffd165880 Exception <a 'sun/nio/fs/WindowsException'{0x00000000f34d0f38}> (0x00000000f34d0f38) 
thrown [./open/src/hotspot/share/prims/jni.cpp, line 578]
Event: 7355.323 Thread 0x0000022ffd165880 Exception <a 'sun/nio/fs/WindowsException'{0x00000000f21712e0}> (0x00000000f21712e0) 
thrown [./open/src/hotspot/share/prims/jni.cpp, line 578]
Event: 7356.122 Thread 0x0000022ffd165880 Exception <a 'sun/nio/fs/WindowsException'{0x00000000f3635b58}> (0x00000000f3635b58) 
thrown [./open/src/hotspot/share/prims/jni.cpp, line 578]
Event: 7356.602 Thread 0x0000022ffd165880 Exception <a 'sun/nio/fs/WindowsException'{0x00000000f2250018}> (0x00000000f2250018) 
thrown [./open/src/hotspot/share/prims/jni.cpp, line 578]
Event: 7357.184 Thread 0x0000022ff876cfe0 Implicit null exception at 0x0000022f891446ad to 0x0000022f89144e68
Event: 7357.391 Thread 0x0000022ff9e48b30 Implicit null exception at 0x0000022f894b6780 to 0x0000022f894bd530
Event: 7359.525 Thread 0x0000022ffd165880 Exception <a 'sun/nio/fs/WindowsException'{0x00000000f4c83550}> (0x00000000f4c83550) 
thrown [./open/src/hotspot/share/prims/jni.cpp, line 578]
Event: 7359.695 Thread 0x0000022ffd165880 Exception <a 'sun/nio/fs/WindowsException'{0x00000000f33accf0}> (0x00000000f33accf0) 
thrown [./open/src/hotspot/share/prims/jni.cpp, line 578]
Event: 7359.699 Thread 0x0000022ffd165880 Exception <a 'sun/nio/fs/WindowsException'{0x00000000f33de280}> (0x00000000f33de280) 
thrown [./open/src/hotspot/share/prims/jni.cpp, line 578]
Event: 7360.039 Thread 0x0000022ff9e48b30 Exception <a 'java/lang/NoSuchMethodError'{0x00000000f111b5c8}: 'int java.lang.invoke.DirectMethodHandle$Holder.invokeInterface(java.lang.Object, java.lang.Object, int)'> (0x00000000f111b5c8) 
thrown [./open/src/hotspot/share/interpreter/linkResolver.cpp, line 782]
Event: 7360.381 Thread 0x0000022ffd165880 Exception <a 'sun/nio/fs/WindowsException'{0x00000000ef158d00}> (0x00000000ef158d00) 
thrown [./open/src/hotspot/share/prims/jni.cpp, line 578]
Event: 7364.249 Thread 0x0000022ff876d4b0 Implicit null exception at 0x0000022f89164080 to 0x0000022f891646e8
Event: 7372.425 Thread 0x0000022ff876cfe0 Exception <a 'sun/nio/fs/WindowsException'{0x00000000f5553460}> (0x00000000f5553460) 
thrown [./open/src/hotspot/share/prims/jni.cpp, line 578]
Event: 7372.981 Thread 0x0000022ff876cfe0 Exception <a 'sun/nio/fs/WindowsException'{0x00000000f38bb1c0}> (0x00000000f38bb1c0) 
thrown [./open/src/hotspot/share/prims/jni.cpp, line 578]
Event: 7375.449 Thread 0x0000022ff876cfe0 Exception <a 'sun/nio/fs/WindowsException'{0x00000000f31e75f8}> (0x00000000f31e75f8) 
thrown [./open/src/hotspot/share/prims/jni.cpp, line 578]

Events (20 events):
Event: 7375.269 Thread 0x0000022ff698f040 flushing nmethod 0x0000022f834fd610
Event: 7375.269 Thread 0x0000022ff698f040 flushing nmethod 0x0000022f83526a90
Event: 7375.269 Thread 0x0000022ff698f040 flushing nmethod 0x0000022f8353d990
Event: 7375.269 Thread 0x0000022ff698f040 flushing nmethod 0x0000022f83578590
Event: 7375.269 Thread 0x0000022ff698f040 flushing nmethod 0x0000022f835c6310
Event: 7375.269 Thread 0x0000022ff698f040 flushing nmethod 0x0000022f83613690
Event: 7375.269 Thread 0x0000022ff698f040 flushing nmethod 0x0000022f83631a90
Event: 7375.269 Thread 0x0000022ff698f040 flushing nmethod 0x0000022f83661110
Event: 7375.269 Thread 0x0000022ff698f040 flushing nmethod 0x0000022f83685210
Event: 7375.269 Thread 0x0000022ff698f040 flushing nmethod 0x0000022f83695790
Event: 7375.270 Thread 0x0000022ff698f040 flushing nmethod 0x0000022f836bcf10
Event: 7375.270 Thread 0x0000022ff698f040 flushing nmethod 0x0000022f836bd610
Event: 7375.270 Thread 0x0000022ff698f040 flushing nmethod 0x0000022f836df610
Event: 7375.270 Thread 0x0000022ff698f040 flushing nmethod 0x0000022f83700b90
Event: 7375.271 Thread 0x0000022ff698f040 flushing nmethod 0x0000022f837b8e90
Event: 7375.272 Thread 0x0000022ff698f040 flushing nmethod 0x0000022f83874390
Event: 7375.272 Thread 0x0000022ff698f040 flushing nmethod 0x0000022f838e7110
Event: 7375.272 Thread 0x0000022ff698f040 flushing nmethod 0x0000022f838ea590
Event: 7375.272 Thread 0x0000022ff698f040 flushing nmethod 0x0000022f8390e410
Event: 7375.274 Thread 0x0000022ff698f040 flushing nmethod 0x0000022f839d4b10


Dynamic libraries:
0x00007ff63b570000 - 0x00007ff63b57d000 	C:\Program Files\jdk-15.0.1\bin\java.exe
0x00007ffa6a170000 - 0x00007ffa6a366000 	C:\Windows\SYSTEM32\ntdll.dll
0x00007ffa61250000 - 0x00007ffa61262000 	C:\Program Files\Avast Software\Avast\aswhook.dll
0x00007ffa69d40000 - 0x00007ffa69dfd000 	C:\Windows\System32\KERNEL32.DLL
0x00007ffa679d0000 - 0x00007ffa67c99000 	C:\Windows\System32\KERNELBASE.dll
0x00007ffa680d0000 - 0x00007ffa681d0000 	C:\Windows\System32\ucrtbase.dll
0x00007ffa5d860000 - 0x00007ffa5d878000 	C:\Program Files\jdk-15.0.1\bin\jli.dll
0x00007ffa69f30000 - 0x00007ffa6a0d0000 	C:\Windows\System32\USER32.dll
0x00007ffa679a0000 - 0x00007ffa679c2000 	C:\Windows\System32\win32u.dll
0x00007ffa695a0000 - 0x00007ffa695ca000 	C:\Windows\System32\GDI32.dll
0x00007ffa67fc0000 - 0x00007ffa680cb000 	C:\Windows\System32\gdi32full.dll
0x00007ffa678b0000 - 0x00007ffa6794d000 	C:\Windows\System32\msvcp_win.dll
0x00007ffa5b2c0000 - 0x00007ffa5b2d9000 	C:\Program Files\jdk-15.0.1\bin\VCRUNTIME140.dll
0x00007ffa553c0000 - 0x00007ffa5565b000 	C:\Windows\WinSxS\amd64_microsoft.windows.common-controls_6595b64144ccf1df_6.0.19041.746_none_ca02b4b61b8320a4\COMCTL32.dll
0x00007ffa68870000 - 0x00007ffa6890e000 	C:\Windows\System32\msvcrt.dll
0x00007ffa69d10000 - 0x00007ffa69d40000 	C:\Windows\System32\IMM32.DLL
0x00007ffa648d0000 - 0x00007ffa648dc000 	C:\Program Files\jdk-15.0.1\bin\vcruntime140_1.dll
0x00007ffa35b50000 - 0x00007ffa35be1000 	C:\Program Files\jdk-15.0.1\bin\msvcp140.dll
0x00007ff9ff320000 - 0x00007ff9ffe7e000 	C:\Program Files\jdk-15.0.1\bin\server\jvm.dll
0x00007ffa69b40000 - 0x00007ffa69bec000 	C:\Windows\System32\ADVAPI32.dll
0x00007ffa68750000 - 0x00007ffa687ec000 	C:\Windows\System32\sechost.dll
0x00007ffa69e00000 - 0x00007ffa69f2b000 	C:\Windows\System32\RPCRT4.dll
0x00007ffa68e30000 - 0x00007ffa68e38000 	C:\Windows\System32\PSAPI.DLL
0x00007ffa4d5f0000 - 0x00007ffa4d5f9000 	C:\Windows\SYSTEM32\WSOCK32.dll
0x00007ffa698d0000 - 0x00007ffa6993b000 	C:\Windows\System32\WS2_32.dll
0x00007ffa583e0000 - 0x00007ffa58407000 	C:\Windows\SYSTEM32\WINMM.dll
0x00007ffa5dee0000 - 0x00007ffa5deea000 	C:\Windows\SYSTEM32\VERSION.dll
0x00007ffa659f0000 - 0x00007ffa65a02000 	C:\Windows\SYSTEM32\kernel.appcore.dll
0x00007ffa64880000 - 0x00007ffa6488a000 	C:\Program Files\jdk-15.0.1\bin\jimage.dll
0x00007ffa586d0000 - 0x00007ffa588b4000 	C:\Windows\SYSTEM32\DBGHELP.DLL
0x00007ffa586a0000 - 0x00007ffa586cc000 	C:\Windows\SYSTEM32\dbgcore.DLL
0x00007ffa67ca0000 - 0x00007ffa67d20000 	C:\Windows\System32\bcryptPrimitives.dll
0x00007ffa53d80000 - 0x00007ffa53da5000 	C:\Program Files\jdk-15.0.1\bin\java.dll
0x00007ffa68e50000 - 0x00007ffa69593000 	C:\Windows\System32\SHELL32.dll
0x00007ffa65a10000 - 0x00007ffa6619f000 	C:\Windows\SYSTEM32\windows.storage.dll
0x00007ffa68ad0000 - 0x00007ffa68e26000 	C:\Windows\System32\combase.dll
0x00007ffa67310000 - 0x00007ffa6733c000 	C:\Windows\SYSTEM32\Wldp.dll
0x00007ffa695d0000 - 0x00007ffa6967e000 	C:\Windows\System32\SHCORE.dll
0x00007ffa687f0000 - 0x00007ffa68845000 	C:\Windows\System32\shlwapi.dll
0x00007ffa677e0000 - 0x00007ffa67806000 	C:\Windows\SYSTEM32\profapi.dll
0x00007ffa53d20000 - 0x00007ffa53d39000 	C:\Program Files\jdk-15.0.1\bin\net.dll
0x00007ffa58900000 - 0x00007ffa58a00000 	C:\Windows\SYSTEM32\WINHTTP.dll
0x00007ffa67090000 - 0x00007ffa670fa000 	C:\Windows\system32\mswsock.dll
0x00007ffa52e70000 - 0x00007ffa52e82000 	C:\Program Files\jdk-15.0.1\bin\nio.dll
0x00007ffa50430000 - 0x00007ffa50448000 	C:\Program Files\jdk-15.0.1\bin\zip.dll
0x00007ffa5f0f0000 - 0x00007ffa5f100000 	C:\Program Files\jdk-15.0.1\bin\verify.dll
0x00007ffa50400000 - 0x00007ffa50427000 	C:\Users\DoLa\.gradle\native\c976cfcca226fdd4bee4412e95191dd41148b7504f9625baeda1d523bc39a967\windows-amd64\native-platform.dll
0x00007ffa5de10000 - 0x00007ffa5de19000 	C:\Program Files\jdk-15.0.1\bin\management.dll
0x00007ffa5ddf0000 - 0x00007ffa5ddfb000 	C:\Program Files\jdk-15.0.1\bin\management_ext.dll
0x00007ffa67270000 - 0x00007ffa67288000 	C:\Windows\SYSTEM32\CRYPTSP.dll
0x00007ffa669c0000 - 0x00007ffa669f4000 	C:\Windows\system32\rsaenh.dll
0x00007ffa67d80000 - 0x00007ffa67da7000 	C:\Windows\System32\bcrypt.dll
0x00007ffa677a0000 - 0x00007ffa677ce000 	C:\Windows\SYSTEM32\USERENV.dll
0x00007ffa67260000 - 0x00007ffa6726c000 	C:\Windows\SYSTEM32\CRYPTBASE.dll
0x00007ffa66d30000 - 0x00007ffa66d6b000 	C:\Windows\SYSTEM32\IPHLPAPI.DLL
0x00007ffa68910000 - 0x00007ffa68918000 	C:\Windows\System32\NSI.dll
0x00007ffa5a0c0000 - 0x00007ffa5a0d7000 	C:\Windows\SYSTEM32\dhcpcsvc6.DLL
0x00007ffa5a0a0000 - 0x00007ffa5a0bd000 	C:\Windows\SYSTEM32\dhcpcsvc.DLL
0x00007ffa66d70000 - 0x00007ffa66e3b000 	C:\Windows\SYSTEM32\DNSAPI.dll
0x0000000071cd0000 - 0x0000000071cf6000 	C:\Program Files\Bonjour\mdnsNSP.dll
0x00007ffa580e0000 - 0x00007ffa580ea000 	C:\Windows\System32\rasadhlp.dll
0x00007ffa56660000 - 0x00007ffa566df000 	C:\Windows\System32\fwpuclnt.dll
0x00007ffa648e0000 - 0x00007ffa648ed000 	C:\Program Files\jdk-15.0.1\bin\sunmscapi.dll
0x00007ffa67db0000 - 0x00007ffa67f06000 	C:\Windows\System32\CRYPT32.dll
0x00007ffa67380000 - 0x00007ffa673a7000 	C:\Windows\SYSTEM32\ncrypt.dll
0x00007ffa67340000 - 0x00007ffa6737b000 	C:\Windows\SYSTEM32\NTASN1.dll
0x00007ffa13de0000 - 0x00007ffa13f5f000 	C:\Program Files\jdk-15.0.1\bin\awt.dll
0x00007ffa69940000 - 0x00007ffa69a0d000 	C:\Windows\System32\OLEAUT32.dll
0x00007ffa64e90000 - 0x00007ffa64f20000 	C:\Windows\SYSTEM32\apphelp.dll
0x00007ffa65040000 - 0x00007ffa650de000 	C:\Windows\system32\uxtheme.dll
0x00007ffa69bf0000 - 0x00007ffa69d06000 	C:\Windows\System32\MSCTF.dll
0x00007ffa69a10000 - 0x00007ffa69b3a000 	C:\Windows\System32\ole32.dll
0x00007ffa665f0000 - 0x00007ffa66623000 	C:\Windows\SYSTEM32\ntmarta.dll

dbghelp: loaded successfully - version: 4.0.5 - missing functions: none
symbol engine: initialized successfully - sym options: 0x614 - pdb path: .;C:\Program Files\jdk-15.0.1\bin;C:\Windows\SYSTEM32;C:\Program Files\Avast Software\Avast;C:\Windows\WinSxS\amd64_microsoft.windows.common-controls_6595b64144ccf1df_6.0.19041.746_none_ca02b4b61b8320a4;C:\Program Files\jdk-15.0.1\bin\server;C:\Users\DoLa\.gradle\native\c976cfcca226fdd4bee4412e95191dd41148b7504f9625baeda1d523bc39a967\windows-amd64;C:\Program Files\Bonjour

VM Arguments:
jvm_args: --add-opens=java.base/java.util=ALL-UNNAMED --add-opens=java.base/java.lang=ALL-UNNAMED --add-opens=java.base/java.lang.invoke=ALL-UNNAMED --add-opens=java.prefs/java.util.prefs=ALL-UNNAMED -XX:MaxMetaspaceSize=256m -XX:+HeapDumpOnOutOfMemoryError -Xms256m -Xmx512m -Dfile.encoding=windows-1252 -Duser.country=US -Duser.language=en -Duser.variant 
java_command: org.gradle.launcher.daemon.bootstrap.GradleDaemon 6.3
java_class_path (initial): C:\Users\DoLa\.gradle\wrapper\dists\gradle-6.3-all\b4awcolw9l59x95tu1obfh9i8\gradle-6.3\lib\gradle-launcher-6.3.jar
Launcher Type: SUN_STANDARD

[Global flags]
     intx CICompilerCount                          = 3                                         {product} {ergonomic}
   size_t CompressedClassSpaceSize                 = 260046848                                 {product} {ergonomic}
     uint ConcGCThreads                            = 1                                         {product} {ergonomic}
     uint G1ConcRefinementThreads                  = 4                                         {product} {ergonomic}
   size_t G1HeapRegionSize                         = 1048576                                   {product} {ergonomic}
    uintx GCDrainStackTargetSize                   = 64                                        {product} {ergonomic}
     bool HeapDumpOnOutOfMemoryError               = true                                   {manageable} {command line}
   size_t InitialHeapSize                          = 268435456                                 {product} {command line}
   size_t MarkStackSize                            = 4194304                                   {product} {ergonomic}
   size_t MaxHeapSize                              = 536870912                                 {product} {command line}
   size_t MaxMetaspaceSize                         = 268435456                                 {product} {command line}
   size_t MaxNewSize                               = 321912832                                 {product} {ergonomic}
   size_t MinHeapDeltaBytes                        = 1048576                                   {product} {ergonomic}
   size_t MinHeapSize                              = 268435456                                 {product} {command line}
    uintx NonNMethodCodeHeapSize                   = 5832780                                {pd product} {ergonomic}
    uintx NonProfiledCodeHeapSize                  = 122912730                              {pd product} {ergonomic}
    uintx ProfiledCodeHeapSize                     = 122912730                              {pd product} {ergonomic}
    uintx ReservedCodeCacheSize                    = 251658240                              {pd product} {ergonomic}
     bool SegmentedCodeCache                       = true                                      {product} {ergonomic}
   size_t SoftMaxHeapSize                          = 536870912                              {manageable} {ergonomic}
     bool UseCompressedClassPointers               = true                                 {lp64_product} {ergonomic}
     bool UseCompressedOops                        = true                                 {lp64_product} {ergonomic}
     bool UseG1GC                                  = true                                      {product} {ergonomic}
     bool UseLargePagesIndividualAllocation        = false                                  {pd product} {ergonomic}

Logging:
Log output configuration:
 #0: stdout all=warning uptime,level,tags
 #1: stderr all=off uptime,level,tags

Environment Variables:
CLASSPATH=E:\crop\fullapp\android\\gradle\wrapper\gradle-wrapper.jar
PATH=E:\crop\fullapp\android\node_modules\.bin;E:\crop\fullapp\node_modules\.bin;E:\crop\node_modules\.bin;E:\node_modules\.bin;C:\Program Files\nodejs;C:\Users\DoLa\AppData\Local\Temp\yarn--1612842362672-0.440902572028117;E:\crop\fullapp\node_modules\.bin;C:\Users\DoLa\AppData\Local\Yarn\Data\link\node_modules\.bin;C:\Users\DoLa\AppData\Local\Yarn\bin;C:\Program Files\libexec\lib\node_modules\npm\bin\node-gyp-bin;C:\Program Files\lib\node_modules\npm\bin\node-gyp-bin;C:\Program Files\nodejs\node_modules\npm\bin\node-gyp-bin;C:\Program Files\jdk-15.0.1\bin;C:\Users\DoLa\AppData\Local\Programs\Python\Python39\Scripts\;C:\Users\DoLa\AppData\Local\Programs\Python\Python39\;C:\Python39\Scripts\;C:\Python39\;C:\Python38\Scripts\;C:\Python38\;C:\Windows\system32;C:\Windows;C:\Windows\System32\Wbem;C:\Windows\System32\WindowsPowerShell\v1.0\;C:\Windows\System32\OpenSSH\;C:\Program Files (x86)\Brackets\command;C:\Program Files\Git\cmd;C:\ProgramData\chocolatey\bin;C:\Program Files\nodejs\;C:\Program Files\Genymobile\Genymotion\tools;C:\Program Files\MongoDB\Server\4.4\bin;C:\Program Files\CMake\bin;C:\tools\BCURRAN3;C:\Program Files\jdk-15.0.1\bin;C:\Users\DoLa\AppData\Local\Programs\Python\Python37\Scripts\;C:\Users\DoLa\AppData\Local\Programs\Python\Python37\;C:\Users\DoLa\AppData\Local\Microsoft\WindowsApps;C:\Users\DoLa\AppData\Local\Programs\Microsoft VS Code\bin;C:\Users\DoLa\AppData\Local\atom\bin;C:\Users\DoLa\AppData\Roaming\npm;C:\Users\DoLa\AppData\Local\Android\Sdk\platform-tools;C:\Users\DoLa\AppData\Local\.meteor;
USERNAME=DoLa
OS=Windows_NT
PROCESSOR_IDENTIFIER=Intel64 Family 6 Model 142 Stepping 9, GenuineIntel



---------------  S Y S T E M  ---------------

OS:
 Windows 10 , 64 bit Build 19041 (10.0.19041.662)
OS uptime: 2 days 6:34 hours

CPU: total 4 (initial active 4) (2 cores per cpu, 2 threads per core) family 6 model 142 stepping 9 microcode 0xd6, cmov, cx8, fxsr, mmx, sse, sse2, sse3, ssse3, sse4.1, sse4.2, popcnt, vzeroupper, avx, avx2, aes, clmul, erms, 3dnowpref, lzcnt, ht, tsc, tscinvbit, bmi1, bmi2, adx, fma, clflush, clflushopt

Memory: 4k page, system-wide physical 8066M (496M free)
TotalPageFile size 13954M (AvailPageFile size 3452M)
current process WorkingSet (physical memory assigned to process): 737M, peak: 788M
current process commit charge ("private bytes"): 844M, peak: 854M

vm_info: OpenJDK 64-Bit Server VM (15.0.1+9-18) for windows-amd64 JRE (15.0.1+9-18), built on Sep 15 2020 14:39:31 by "mach5one" with unknown MS VC++:1925

END.
